
<!DOCTYPE html>
<html>
	<head>
		<!--
			ExtentReports Library 2.41.1 | http://relevantcodes.com/extentreports-for-selenium/ | https://github.com/anshooarora/
			Copyright (c) 2015, Anshoo Arora (Relevant Codes) | Copyrights licensed under the New BSD License | http://opensource.org/licenses/BSD-3-Clause
			Documentation: http://extentreports.relevantcodes.com 
		-->

		<meta charset='UTF-8' /> 
		<meta name='description' content='ExtentReports (by Anshoo Arora) is a reporting library for automation testing for .NET and Java. It creates detailed and beautiful HTML reports for modern browsers. ExtentReports shows test and step summary along with dashboards, system and environment details for quick analysis of your tests.' />
		<meta name='robots' content='noodp, noydir' />
		<meta name='viewport' content='width=device-width, initial-scale=1' />
		<meta name='extentx' id='extentx' content='' />
		
		<title>
				ExtentReports 2.0
		</title>
		
		
		<link href='https://fonts.googleapis.com/css?family=Source+Sans+Pro:400,600' rel='stylesheet' type='text/css'>
		<link href='https://cdn.rawgit.com/anshooarora/extentreports/6032d73243ba4fe4fb8769eb9c315d4fdf16fe68/cdn/extent.css' type='text/css' rel='stylesheet' />
		
		<style>
				
            
                
            
        
		</style>
	</head>
	
	
	<body class='extent default standard hide-overflow'>
		<!-- nav -->
		<nav>
			<div class='logo-container blue darken-2'>
				<a class='logo-content' href='http://extentreports.relevantcodes.com'>
					<span>ExtentReports</span>
				</a>
				<a href='#' data-activates='slide-out' class='button-collapse hide-on-large-only'><i class='mdi-navigation-apps'></i></a>
			</div>
			<ul id='slide-out' class='side-nav fixed hide-on-med-and-down'>
				<li class='analysis waves-effect active'><a href='#!' class='test-view' onclick="_updateCurrentStage(0)"><i class='mdi-action-dashboard'></i>Test Details</a></li>
					<li class='analysis waves-effect'><a href='#!' class='categories-view' onclick="_updateCurrentStage(1)"><i class='mdi-maps-local-offer'></i>Categories</a></li>
				<li class='analysis waves-effect'>
					<a href='#!' onclick="_updateCurrentStage(-1)" class='dashboard-view'><i class='mdi-action-track-changes'></i></i>Analysis</a>
				</li>
			</ul>
			<span class='report-name'>Automation Report</span> <span class='report-headline'></span>
			<ul class='right hide-on-med-and-down nav-right'>
				<li class='theme-selector' alt='Click to toggle dark theme. To enable by default, use js configuration $("body").addClass("dark");' title='Click to toggle dark theme. To enable by default, use js configuration $("body").addClass("dark");'>
					<i class='mdi-hardware-desktop-windows'></i>
				</li>
				<li>
					<span class='suite-started-time'>2022-02-19 12:09:08</span>
				</li>
				<li>
					<span>v2.41.1</span>
				</li>
			</ul>
		</nav>
		<!-- /nav -->
		
		<!-- container -->
		<div class='container'>
			
			<!-- dashboard -->
			<div id='dashboard-view' class='row'>
				<div class='time-totals'>
					<div class='col l2 m4 s6'>
						<div class='card suite-total-tests'> 
							<span class='panel-name'>Total Tests</span> 
							<span class='total-tests'> <span class='panel-lead'></span> </span> 
						</div> 
					</div>
					<div class='col l2 m4 s6'>
						<div class='card suite-total-steps'> 
							<span class='panel-name'>Total Steps</span> 
							<span class='total-steps'> <span class='panel-lead'></span> </span> 
						</div> 
					</div>
					<div class='col l2 m4 s12'>
						<div class='card suite-total-time-current'> 
							<span class='panel-name'>Total Time Taken (Current Run)</span> 
							<span class='suite-total-time-current-value panel-lead'>0h 5m 51s+495ms</span> 
						</div> 
					</div>
					<div class='col l2 m4 s12'>
						<div class='card suite-total-time-overall'> 
							<span class='panel-name'>Total Time Taken (Overall)</span> 
							<span class='suite-total-time-overall-value panel-lead'>0h 5m 51s+495ms</span> 
						</div> 
					</div>
					<div class='col l2 m4 s6 suite-start-time'>
						<div class='card accent green-accent'> 
							<span class='panel-name'>Start</span> 
							<span class='panel-lead suite-started-time'>2022-02-19 12:03:17</span> 
						</div> 
					</div>
					<div class='col l2 m4 s6 suite-end-time'>
						<div class='card accent pink-accent'> 
							<span class='panel-name'>End</span> 
							<span class='panel-lead suite-ended-time'>2022-02-19 12:09:08</span> 
						</div> 
					</div>
				</div>
				<div class='charts'>
					<div class='col s12 m6 l4 fh'> 
						<div class='card-panel'> 
							<div>
								<span class='panel-name'>Tests View</span>
							</div> 
							<div class='panel-setting modal-trigger test-count-setting right'>
								<a href='#test-count-setting'><i class='mdi-navigation-more-vert text-md'></i></a>
							</div> 
							<div class='chart-box'>
								<canvas class='text-centered' id='test-analysis'></canvas>
							</div> 
							<div>
								<span class='weight-light'><span class='t-pass-count weight-normal'></span> test(s) passed</span>
							</div> 
							<div>
								<span class='weight-light'><span class='t-fail-count weight-normal'></span> test(s) failed, <span class='t-others-count weight-normal'></span> others</span>
							</div> 
						</div> 
					</div> 
					<div class='col s12 m6 l4 fh'> 
						<div class='card-panel'> 
							<div>
								<span class='panel-name'>Steps View</span>
							</div> 
							<div class='panel-setting modal-trigger step-status-filter right'>
								<a href='#step-status-filter'><i class='mdi-navigation-more-vert text-md'></i></a>
							</div> 
							<div class='chart-box'>
								<canvas class='text-centered' id='step-analysis'></canvas>
							</div> 
							<div>
								<span class='weight-light'><span class='s-pass-count weight-normal'></span> step(s) passed </span>
							</div> 
							<div>
								<span class='weight-light'><span class='s-fail-count weight-normal'></span> step(s) failed, <span class='s-others-count weight-normal'></span> others</span>
							</div> 
						</div> 
					</div>
					<div class='col s12 m12 l4 fh'> 
						<div class='card-panel'> 
							<span class='panel-name'>Pass Percentage</span> 
							<span class='pass-percentage panel-lead'></span> 
							<div class='progress light-blue lighten-3'> 
								<div class='determinate light-blue'></div> 
							</div> 
						</div> 
					</div>
				</div>
				<div class='system-view'>
					<div class='col l4 m12 s12'>
						<div class='card-panel'>
							<span class='label info outline right'>Environment</span>
							<table>
								<thead>
									<tr>
										<th>Param</th>
										<th>Value</th>
									</tr>
								</thead>
								<tbody>
										<tr>
											<td>User Name</td>
											<td>Matiur Rahman</td>
										</tr>
										<tr>
											<td>OS</td>
											<td>Windows 10</td>
										</tr>
										<tr>
											<td>Java Version</td>
											<td>1.8.0_301</td>
										</tr>
										<tr>
											<td>Host Name</td>
											<td>PNT</td>
										</tr>
										<tr>
											<td>Environment</td>
											<td>QA</td>
										</tr>
								</tbody>
							</table>
						</div>
					</div>
				</div>
					<div class='category-summary-view'>
						<div class='col l4 m6 s12'>
							<div class='card-panel'>
								<span class='label info outline right'>Categories</span>
								<table>
									<thead>
										<tr>
											<th>Name</th>
										</tr>
									</thead>
									<tbody>
											<tr>
												<td>
													TestAddingProductToCart
												</td>
											</tr>
											<tr>
												<td>
													TestAddingWrongPaymentMethod
												</td>
											</tr>
											<tr>
												<td>
													TestBeautySuppliesInShopProducts
												</td>
											</tr>
											<tr>
												<td>
													TestCouponsOptions
												</td>
											</tr>
											<tr>
												<td>
													TestCreateAccount
												</td>
											</tr>
											<tr>
												<td>
													TestHealthServices
												</td>
											</tr>
											<tr>
												<td>
													TestHomeGoodsInShopProducts
												</td>
											</tr>
											<tr>
												<td>
													TestHomeHealthCareInShopProducts
												</td>
											</tr>
											<tr>
												<td>
													TestLogOut
												</td>
											</tr>
											<tr>
												<td>
													TestLoginWithCorrectCredentials
												</td>
											</tr>
											<tr>
												<td>
													TestLoginWithWrongCredentials
												</td>
											</tr>
											<tr>
												<td>
													TestMedicinesInShopProducts
												</td>
											</tr>
											<tr>
												<td>
													TestPetSuppliesInShopProducts
												</td>
											</tr>
											<tr>
												<td>
													TestPharmacyChat
												</td>
											</tr>
											<tr>
												<td>
													TestRemoveProductFromCart
												</td>
											</tr>
											<tr>
												<td>
													TestSeachTopSellerItem
												</td>
											</tr>
											<tr>
												<td>
													TestSigningUpForJobAlerts
												</td>
											</tr>
											<tr>
												<td>
													TestUpdatPersonalInfo
												</td>
											</tr>
											<tr>
												<td>
													TestVaccineScheduling
												</td>
											</tr>
											<tr>
												<td>
													TestVitaminesInShopProduct
												</td>
											</tr>
									</tbody>
								</table>
							</div>
						</div>
					</div>
			</div>
			<!-- /dashboard -->
			
			<!-- tests -->
			<div id='test-view' class='row _addedTable'>
				<div class='col _addedCell1'>
					<div class='contents'>
						<div class='card-panel heading'>
							<h5>Tests</h5>
						</div>
						<div class='card-panel filters'>
							<div>
								<a class='dropdown-button btn-floating btn-small waves-effect waves-light grey tests-toggle' data-activates='tests-toggle' data-constrainwidth='true' data-beloworigin='true' data-hover='true' href='#'>
									<i class='mdi-action-reorder'></i>
								</a>
								<ul id='tests-toggle' class='dropdown-content'>
									<li class='pass'><a href='#!'>Pass</a></li>
									<li class='fail'><a href='#!'>Fail</a></li>
									<li class='skip'><a href='#!'>Skip</a></li>
									<li class='divider'></li>
									<li class='clear'><a href='#!'>Clear Filters</a></li>
								</ul>
							</div>
								<div>
									<a class='dropdown-button btn-floating btn-small waves-effect waves-light grey category-toggle' data-activates='category-toggle' data-constrainwidth='false' data-beloworigin='true' data-hover='true' href='#'>
										<i class='mdi-maps-local-offer'></i>
									</a>
									<ul id='category-toggle' class='dropdown-content'>
											<li class='TestAddingProductToCart'><a href='#!'>TestAddingProductToCart</a></li>
											<li class='TestAddingWrongPaymentMethod'><a href='#!'>TestAddingWrongPaymentMethod</a></li>
											<li class='TestBeautySuppliesInShopProducts'><a href='#!'>TestBeautySuppliesInShopProducts</a></li>
											<li class='TestCouponsOptions'><a href='#!'>TestCouponsOptions</a></li>
											<li class='TestCreateAccount'><a href='#!'>TestCreateAccount</a></li>
											<li class='TestHealthServices'><a href='#!'>TestHealthServices</a></li>
											<li class='TestHomeGoodsInShopProducts'><a href='#!'>TestHomeGoodsInShopProducts</a></li>
											<li class='TestHomeHealthCareInShopProducts'><a href='#!'>TestHomeHealthCareInShopProducts</a></li>
											<li class='TestLogOut'><a href='#!'>TestLogOut</a></li>
											<li class='TestLoginWithCorrectCredentials'><a href='#!'>TestLoginWithCorrectCredentials</a></li>
											<li class='TestLoginWithWrongCredentials'><a href='#!'>TestLoginWithWrongCredentials</a></li>
											<li class='TestMedicinesInShopProducts'><a href='#!'>TestMedicinesInShopProducts</a></li>
											<li class='TestPetSuppliesInShopProducts'><a href='#!'>TestPetSuppliesInShopProducts</a></li>
											<li class='TestPharmacyChat'><a href='#!'>TestPharmacyChat</a></li>
											<li class='TestRemoveProductFromCart'><a href='#!'>TestRemoveProductFromCart</a></li>
											<li class='TestSeachTopSellerItem'><a href='#!'>TestSeachTopSellerItem</a></li>
											<li class='TestSigningUpForJobAlerts'><a href='#!'>TestSigningUpForJobAlerts</a></li>
											<li class='TestUpdatPersonalInfo'><a href='#!'>TestUpdatPersonalInfo</a></li>
											<li class='TestVaccineScheduling'><a href='#!'>TestVaccineScheduling</a></li>
											<li class='TestVitaminesInShopProduct'><a href='#!'>TestVitaminesInShopProduct</a></li>
										<li class='divider'></li>
										<li class='clear'><a href='#!'>Clear Filters</a></li>
									</ul>
								</div>
							<div>
								<a class='btn-floating btn-small waves-effect waves-light grey' id='clear-filters' alt='Clear Filters' title='Clear Filters'>
									<i class='mdi-navigation-close'></i>
								</a>
							</div>
							<div>
								<a class='btn-floating btn-small waves-effect waves-light grey' id='enableDashboard' alt='Enable Dashboard' title='Enable Dashboard'>
									<i class='mdi-action-track-changes'></i>
								</a>
							</div>
							<div>
								<a class='btn-floating btn-small waves-effect waves-light blue enabled' id='refreshCharts' alt='Refresh Charts on Filters' title='Refresh Charts on Filters'>
									<i class='mdi-navigation-refresh'></i>
								</a>
							</div>
							<div class='search' alt='Search Tests' title='Search Tests'>
								<div class='input-field left'>
									<input id='searchTests' type='text' class='validate' placeholder='Search Tests...'>
								</div>
								<a href="#" class='btn-floating btn-small waves-effect waves-light grey'>
									<i class='mdi-action-search'></i>
								</a>
							</div>
						</div>
						<div class='card-panel no-padding-h no-padding-v no-margin-v'>
							<div class='wrapper'>
								<ul id='test-collection' class='test-collection'>
										<li class='collection-item test displayed active fail ' extentid='6e72fd6a-15bb-4669-a9cc-b6457afc58c6'>
											<div class='test-head'>
												<span class='test-name'>createAnAccount </span>
												<span class='test-status label right outline capitalize fail'>fail</span>
												<span class='category-assigned hide  testcreateaccount'></span>
											</div>
											<div class='test-body'>
												<div class='test-info'>
													<span title='Test started time' alt='Test started time' class='test-started-time label green lighten-1 text-white'>2022-02-19 12:03:31</span>
													<span title='Test ended time' alt='Test ended time' class='test-ended-time label red lighten-1 text-white'>2022-02-19 12:03:42</span>
													<span title='Time taken to finish' alt='Time taken to finish' class='test-time-taken label blue-grey lighten-3 text-white'>0h 0m 11s+451ms</span>
												</div>
												<div class='test-desc'></div>
												<div class='test-attributes'>
														<div class='categories'>
																<span class='category text-white'>TestCreateAccount</span>
														</div>
												</div>
												<div class='test-steps'>
													<table class='bordered table-results'>
														<thead>
															<tr>
																<th>Status</th>
																<th>Timestamp</th>
																<th>Details</th>
															</tr>
														</thead>
														<tbody>
																<tr>
																	<td class='status fail' title='fail' alt='fail'><i class='mdi-navigation-cancel'></i></td>
																	<td class='timestamp'>12:03:42</td>
																	<td class='step-details'>org.openqa.selenium.ElementClickInterceptedException: element click intercepted: Element <a href="javascript:void(0)" class="disabled" disabled="disabled" id="wag-rxuser-continue-btm" aria-disabled="true" role="button" tabindex="-1">...</a> is not clickable at point (707, 686). Other element would receive the click: <span class="btn__pair" style="float:right">...</span>
  (Session info: chrome=98.0.4758.102)
Build info: version: '4.1.1', revision: 'e8fcc2cecf'
System info: host: 'DESKTOP-DI8SEQA', ip: '10.0.0.203', os.name: 'Windows 10', os.arch: 'amd64', os.version: '10.0', java.version: '1.8.0_301'
Driver info: org.openqa.selenium.chrome.ChromeDriver
Command: [d3a2fea9a0aa08cba145bb11682198d9, clickElement {id=b82c677d-c294-4804-b55c-f5aeb5e244c6}]
Capabilities {acceptInsecureCerts: false, browserName: chrome, browserVersion: 98.0.4758.102, chrome: {chromedriverVersion: 97.0.4692.71 (adefa7837d02a..., userDataDir: C:\Users\Julian\AppData\Loc...}, goog:chromeOptions: {debuggerAddress: localhost:64924}, javascriptEnabled: true, networkConnectionEnabled: false, pageLoadStrategy: normal, platform: WINDOWS, platformName: WINDOWS, proxy: Proxy(), se:cdp: ws://localhost:64924/devtoo..., se:cdpVersion: 98.0.4758.102, setWindowRect: true, strictFileInteractability: false, timeouts: {implicit: 0, pageLoad: 300000, script: 30000}, unhandledPromptBehavior: dismiss and notify, webauthn:extension:credBlob: true, webauthn:extension:largeBlob: true, webauthn:virtualAuthenticators: true}
Element: [[ChromeDriver: chrome on WINDOWS (d3a2fea9a0aa08cba145bb11682198d9)] -> css selector: #wag-rxuser-continue-btm]
Session ID: d3a2fea9a0aa08cba145bb11682198d9
	at sun.reflect.NativeConstructorAccessorImpl.newInstance0(Native Method)
	at sun.reflect.NativeConstructorAccessorImpl.newInstance(NativeConstructorAccessorImpl.java:62)
	at sun.reflect.DelegatingConstructorAccessorImpl.newInstance(DelegatingConstructorAccessorImpl.java:45)
	at java.lang.reflect.Constructor.newInstance(Constructor.java:423)
	at org.openqa.selenium.remote.codec.w3c.W3CHttpResponseCodec.createException(W3CHttpResponseCodec.java:200)
	at org.openqa.selenium.remote.codec.w3c.W3CHttpResponseCodec.decode(W3CHttpResponseCodec.java:133)
	at org.openqa.selenium.remote.codec.w3c.W3CHttpResponseCodec.decode(W3CHttpResponseCodec.java:53)
	at org.openqa.selenium.remote.HttpCommandExecutor.execute(HttpCommandExecutor.java:184)
	at org.openqa.selenium.remote.service.DriverCommandExecutor.invokeExecute(DriverCommandExecutor.java:167)
	at org.openqa.selenium.remote.service.DriverCommandExecutor.execute(DriverCommandExecutor.java:142)
	at org.openqa.selenium.remote.RemoteWebDriver.execute(RemoteWebDriver.java:543)
	at org.openqa.selenium.remote.RemoteWebElement.execute(RemoteWebElement.java:251)
	at org.openqa.selenium.remote.RemoteWebElement.click(RemoteWebElement.java:77)
	at sun.reflect.NativeMethodAccessorImpl.invoke0(Native Method)
	at sun.reflect.NativeMethodAccessorImpl.invoke(NativeMethodAccessorImpl.java:62)
	at sun.reflect.DelegatingMethodAccessorImpl.invoke(DelegatingMethodAccessorImpl.java:43)
	at java.lang.reflect.Method.invoke(Method.java:498)
	at org.openqa.selenium.support.pagefactory.internal.LocatingElementHandler.invoke(LocatingElementHandler.java:52)
	at com.sun.proxy.$Proxy17.click(Unknown Source)
	at base.CommonAPI.click(CommonAPI.java:174)
	at us.piit.RegisterPage.clickContinueBtn(RegisterPage.java:48)
	at us.piit.signup.TestCreateAccount.createAnAccount(TestCreateAccount.java:25)
	at sun.reflect.NativeMethodAccessorImpl.invoke0(Native Method)
	at sun.reflect.NativeMethodAccessorImpl.invoke(NativeMethodAccessorImpl.java:62)
	at sun.reflect.DelegatingMethodAccessorImpl.invoke(DelegatingMethodAccessorImpl.java:43)
	at java.lang.reflect.Method.invoke(Method.java:498)
	at org.testng.internal.invokers.MethodInvocationHelper.invokeMethod(MethodInvocationHelper.java:135)
	at org.testng.internal.invokers.TestInvoker.invokeMethod(TestInvoker.java:673)
	at org.testng.internal.invokers.TestInvoker.invokeTestMethod(TestInvoker.java:220)
	at org.testng.internal.invokers.MethodRunner.runInSequence(MethodRunner.java:50)
	at org.testng.internal.invokers.TestInvoker$MethodInvocationAgent.invoke(TestInvoker.java:945)
	at org.testng.internal.invokers.TestInvoker.invokeTestMethods(TestInvoker.java:193)
	at org.testng.internal.invokers.TestMethodWorker.invokeTestMethods(TestMethodWorker.java:146)
	at org.testng.internal.invokers.TestMethodWorker.run(TestMethodWorker.java:128)
	at java.util.ArrayList.forEach(ArrayList.java:1259)
	at org.testng.TestRunner.privateRun(TestRunner.java:808)
	at org.testng.TestRunner.run(TestRunner.java:603)
	at org.testng.SuiteRunner.runTest(SuiteRunner.java:429)
	at org.testng.SuiteRunner.runSequentially(SuiteRunner.java:423)
	at org.testng.SuiteRunner.privateRun(SuiteRunner.java:383)
	at org.testng.SuiteRunner.run(SuiteRunner.java:326)
	at org.testng.SuiteRunnerWorker.runSuite(SuiteRunnerWorker.java:52)
	at org.testng.SuiteRunnerWorker.run(SuiteRunnerWorker.java:95)
	at org.testng.TestNG.runSuitesSequentially(TestNG.java:1249)
	at org.testng.TestNG.runSuitesLocally(TestNG.java:1169)
	at org.testng.TestNG.runSuites(TestNG.java:1092)
	at org.testng.TestNG.run(TestNG.java:1060)
	at com.intellij.rt.testng.IDEARemoteTestNG.run(IDEARemoteTestNG.java:66)
	at com.intellij.rt.testng.RemoteTestNGStarter.main(RemoteTestNGStarter.java:109)</td>
																</tr>
														</tbody>
													</table>
													<ul class='collapsible node-list' data-collapsible='accordion'>
													</ul>
												</div>
											</div>
										</li>
										<li class='collection-item test displayed active pass ' extentid='54fe6515-2d36-4d63-a1b6-334296a10e75'>
											<div class='test-head'>
												<span class='test-name'>loginWithWrongCredentials </span>
												<span class='test-status label right outline capitalize pass'>pass</span>
												<span class='category-assigned hide  testloginwithwrongcredentials'></span>
											</div>
											<div class='test-body'>
												<div class='test-info'>
													<span title='Test started time' alt='Test started time' class='test-started-time label green lighten-1 text-white'>2022-02-19 12:03:57</span>
													<span title='Test ended time' alt='Test ended time' class='test-ended-time label red lighten-1 text-white'>2022-02-19 12:04:06</span>
													<span title='Time taken to finish' alt='Time taken to finish' class='test-time-taken label blue-grey lighten-3 text-white'>0h 0m 8s+637ms</span>
												</div>
												<div class='test-desc'></div>
												<div class='test-attributes'>
														<div class='categories'>
																<span class='category text-white'>TestLoginWithWrongCredentials</span>
														</div>
												</div>
												<div class='test-steps'>
													<table class='bordered table-results'>
														<thead>
															<tr>
																<th>Status</th>
																<th>Timestamp</th>
																<th>Details</th>
															</tr>
														</thead>
														<tbody>
																<tr>
																	<td class='status pass' title='pass' alt='pass'><i class='mdi-action-check-circle'></i></td>
																	<td class='timestamp'>12:04:06</td>
																	<td class='step-details'>Test Passed</td>
																</tr>
														</tbody>
													</table>
													<ul class='collapsible node-list' data-collapsible='accordion'>
													</ul>
												</div>
											</div>
										</li>
										<li class='collection-item test displayed active fail ' extentid='22e13350-3d6f-4b46-b42d-9abc5cd80304'>
											<div class='test-head'>
												<span class='test-name'>loginWithCorrectCredentials </span>
												<span class='test-status label right outline capitalize fail'>fail</span>
												<span class='category-assigned hide  testloginwithcorrectcredentials'></span>
											</div>
											<div class='test-body'>
												<div class='test-info'>
													<span title='Test started time' alt='Test started time' class='test-started-time label green lighten-1 text-white'>2022-02-19 12:04:15</span>
													<span title='Test ended time' alt='Test ended time' class='test-ended-time label red lighten-1 text-white'>2022-02-19 12:04:28</span>
													<span title='Time taken to finish' alt='Time taken to finish' class='test-time-taken label blue-grey lighten-3 text-white'>0h 0m 12s+900ms</span>
												</div>
												<div class='test-desc'></div>
												<div class='test-attributes'>
														<div class='categories'>
																<span class='category text-white'>TestLoginWithCorrectCredentials</span>
														</div>
												</div>
												<div class='test-steps'>
													<table class='bordered table-results'>
														<thead>
															<tr>
																<th>Status</th>
																<th>Timestamp</th>
																<th>Details</th>
															</tr>
														</thead>
														<tbody>
																<tr>
																	<td class='status fail' title='fail' alt='fail'><i class='mdi-navigation-cancel'></i></td>
																	<td class='timestamp'>12:04:28</td>
																	<td class='step-details'>org.openqa.selenium.NoSuchElementException: no such element: Unable to locate element: {"method":"xpath","selector":"//strong[text()='Hi, Maurice']"}
  (Session info: chrome=98.0.4758.102)
For documentation on this error, please visit: https://selenium.dev/exceptions/#no_such_element
Build info: version: '4.1.1', revision: 'e8fcc2cecf'
System info: host: 'DESKTOP-DI8SEQA', ip: '10.0.0.203', os.name: 'Windows 10', os.arch: 'amd64', os.version: '10.0', java.version: '1.8.0_301'
Driver info: org.openqa.selenium.chrome.ChromeDriver
Command: [7b0a231ce95c145ef8146f909ad02d2d, findElement {using=xpath, value=//strong[text()='Hi, Maurice']}]
Capabilities {acceptInsecureCerts: false, browserName: chrome, browserVersion: 98.0.4758.102, chrome: {chromedriverVersion: 97.0.4692.71 (adefa7837d02a..., userDataDir: C:\Users\Julian\AppData\Loc...}, goog:chromeOptions: {debuggerAddress: localhost:65051}, javascriptEnabled: true, networkConnectionEnabled: false, pageLoadStrategy: normal, platform: WINDOWS, platformName: WINDOWS, proxy: Proxy(), se:cdp: ws://localhost:65051/devtoo..., se:cdpVersion: 98.0.4758.102, setWindowRect: true, strictFileInteractability: false, timeouts: {implicit: 0, pageLoad: 300000, script: 30000}, unhandledPromptBehavior: dismiss and notify, webauthn:extension:credBlob: true, webauthn:extension:largeBlob: true, webauthn:virtualAuthenticators: true}
Session ID: 7b0a231ce95c145ef8146f909ad02d2d
	at sun.reflect.NativeConstructorAccessorImpl.newInstance0(Native Method)
	at sun.reflect.NativeConstructorAccessorImpl.newInstance(NativeConstructorAccessorImpl.java:62)
	at sun.reflect.DelegatingConstructorAccessorImpl.newInstance(DelegatingConstructorAccessorImpl.java:45)
	at java.lang.reflect.Constructor.newInstance(Constructor.java:423)
	at org.openqa.selenium.remote.codec.w3c.W3CHttpResponseCodec.createException(W3CHttpResponseCodec.java:200)
	at org.openqa.selenium.remote.codec.w3c.W3CHttpResponseCodec.decode(W3CHttpResponseCodec.java:133)
	at org.openqa.selenium.remote.codec.w3c.W3CHttpResponseCodec.decode(W3CHttpResponseCodec.java:53)
	at org.openqa.selenium.remote.HttpCommandExecutor.execute(HttpCommandExecutor.java:184)
	at org.openqa.selenium.remote.service.DriverCommandExecutor.invokeExecute(DriverCommandExecutor.java:167)
	at org.openqa.selenium.remote.service.DriverCommandExecutor.execute(DriverCommandExecutor.java:142)
	at org.openqa.selenium.remote.RemoteWebDriver.execute(RemoteWebDriver.java:543)
	at org.openqa.selenium.remote.ElementLocation$ElementFinder$2.findElement(ElementLocation.java:162)
	at org.openqa.selenium.remote.ElementLocation.findElement(ElementLocation.java:60)
	at org.openqa.selenium.remote.RemoteWebDriver.findElement(RemoteWebDriver.java:367)
	at org.openqa.selenium.remote.RemoteWebDriver.findElement(RemoteWebDriver.java:359)
	at org.openqa.selenium.support.pagefactory.DefaultElementLocator.findElement(DefaultElementLocator.java:70)
	at org.openqa.selenium.support.pagefactory.internal.LocatingElementHandler.invoke(LocatingElementHandler.java:39)
	at com.sun.proxy.$Proxy17.getText(Unknown Source)
	at base.CommonAPI.getText(CommonAPI.java:188)
	at us.piit.SigninPage.getGreetingText(SigninPage.java:53)
	at us.piit.login.TestLoginWithCorrectCredentials.loginWithCorrectCredentials(TestLoginWithCorrectCredentials.java:20)
	at sun.reflect.NativeMethodAccessorImpl.invoke0(Native Method)
	at sun.reflect.NativeMethodAccessorImpl.invoke(NativeMethodAccessorImpl.java:62)
	at sun.reflect.DelegatingMethodAccessorImpl.invoke(DelegatingMethodAccessorImpl.java:43)
	at java.lang.reflect.Method.invoke(Method.java:498)
	at org.testng.internal.invokers.MethodInvocationHelper.invokeMethod(MethodInvocationHelper.java:135)
	at org.testng.internal.invokers.TestInvoker.invokeMethod(TestInvoker.java:673)
	at org.testng.internal.invokers.TestInvoker.invokeTestMethod(TestInvoker.java:220)
	at org.testng.internal.invokers.MethodRunner.runInSequence(MethodRunner.java:50)
	at org.testng.internal.invokers.TestInvoker$MethodInvocationAgent.invoke(TestInvoker.java:945)
	at org.testng.internal.invokers.TestInvoker.invokeTestMethods(TestInvoker.java:193)
	at org.testng.internal.invokers.TestMethodWorker.invokeTestMethods(TestMethodWorker.java:146)
	at org.testng.internal.invokers.TestMethodWorker.run(TestMethodWorker.java:128)
	at java.util.ArrayList.forEach(ArrayList.java:1259)
	at org.testng.TestRunner.privateRun(TestRunner.java:808)
	at org.testng.TestRunner.run(TestRunner.java:603)
	at org.testng.SuiteRunner.runTest(SuiteRunner.java:429)
	at org.testng.SuiteRunner.runSequentially(SuiteRunner.java:423)
	at org.testng.SuiteRunner.privateRun(SuiteRunner.java:383)
	at org.testng.SuiteRunner.run(SuiteRunner.java:326)
	at org.testng.SuiteRunnerWorker.runSuite(SuiteRunnerWorker.java:52)
	at org.testng.SuiteRunnerWorker.run(SuiteRunnerWorker.java:95)
	at org.testng.TestNG.runSuitesSequentially(TestNG.java:1249)
	at org.testng.TestNG.runSuitesLocally(TestNG.java:1169)
	at org.testng.TestNG.runSuites(TestNG.java:1092)
	at org.testng.TestNG.run(TestNG.java:1060)
	at com.intellij.rt.testng.IDEARemoteTestNG.run(IDEARemoteTestNG.java:66)
	at com.intellij.rt.testng.RemoteTestNGStarter.main(RemoteTestNGStarter.java:109)</td>
																</tr>
														</tbody>
													</table>
													<ul class='collapsible node-list' data-collapsible='accordion'>
													</ul>
												</div>
											</div>
										</li>
										<li class='collection-item test displayed active fail ' extentid='03c5e719-1137-43e4-aab6-809516777eb8'>
											<div class='test-head'>
												<span class='test-name'>logOut </span>
												<span class='test-status label right outline capitalize fail'>fail</span>
												<span class='category-assigned hide  testlogout'></span>
											</div>
											<div class='test-body'>
												<div class='test-info'>
													<span title='Test started time' alt='Test started time' class='test-started-time label green lighten-1 text-white'>2022-02-19 12:04:37</span>
													<span title='Test ended time' alt='Test ended time' class='test-ended-time label red lighten-1 text-white'>2022-02-19 12:04:50</span>
													<span title='Time taken to finish' alt='Time taken to finish' class='test-time-taken label blue-grey lighten-3 text-white'>0h 0m 13s+716ms</span>
												</div>
												<div class='test-desc'></div>
												<div class='test-attributes'>
														<div class='categories'>
																<span class='category text-white'>TestLogOut</span>
														</div>
												</div>
												<div class='test-steps'>
													<table class='bordered table-results'>
														<thead>
															<tr>
																<th>Status</th>
																<th>Timestamp</th>
																<th>Details</th>
															</tr>
														</thead>
														<tbody>
																<tr>
																	<td class='status fail' title='fail' alt='fail'><i class='mdi-navigation-cancel'></i></td>
																	<td class='timestamp'>12:04:50</td>
																	<td class='step-details'>org.openqa.selenium.NoSuchElementException: no such element: Unable to locate element: {"method":"xpath","selector":"//strong[text()='Hi, Maurice']"}
  (Session info: chrome=98.0.4758.102)
For documentation on this error, please visit: https://selenium.dev/exceptions/#no_such_element
Build info: version: '4.1.1', revision: 'e8fcc2cecf'
System info: host: 'DESKTOP-DI8SEQA', ip: '10.0.0.203', os.name: 'Windows 10', os.arch: 'amd64', os.version: '10.0', java.version: '1.8.0_301'
Driver info: org.openqa.selenium.chrome.ChromeDriver
Command: [59b690cbdeb8f22dd82813c4c5d51ec5, findElement {using=xpath, value=//strong[text()='Hi, Maurice']}]
Capabilities {acceptInsecureCerts: false, browserName: chrome, browserVersion: 98.0.4758.102, chrome: {chromedriverVersion: 97.0.4692.71 (adefa7837d02a..., userDataDir: C:\Users\Julian\AppData\Loc...}, goog:chromeOptions: {debuggerAddress: localhost:65127}, javascriptEnabled: true, networkConnectionEnabled: false, pageLoadStrategy: normal, platform: WINDOWS, platformName: WINDOWS, proxy: Proxy(), se:cdp: ws://localhost:65127/devtoo..., se:cdpVersion: 98.0.4758.102, setWindowRect: true, strictFileInteractability: false, timeouts: {implicit: 0, pageLoad: 300000, script: 30000}, unhandledPromptBehavior: dismiss and notify, webauthn:extension:credBlob: true, webauthn:extension:largeBlob: true, webauthn:virtualAuthenticators: true}
Session ID: 59b690cbdeb8f22dd82813c4c5d51ec5
	at sun.reflect.NativeConstructorAccessorImpl.newInstance0(Native Method)
	at sun.reflect.NativeConstructorAccessorImpl.newInstance(NativeConstructorAccessorImpl.java:62)
	at sun.reflect.DelegatingConstructorAccessorImpl.newInstance(DelegatingConstructorAccessorImpl.java:45)
	at java.lang.reflect.Constructor.newInstance(Constructor.java:423)
	at org.openqa.selenium.remote.codec.w3c.W3CHttpResponseCodec.createException(W3CHttpResponseCodec.java:200)
	at org.openqa.selenium.remote.codec.w3c.W3CHttpResponseCodec.decode(W3CHttpResponseCodec.java:133)
	at org.openqa.selenium.remote.codec.w3c.W3CHttpResponseCodec.decode(W3CHttpResponseCodec.java:53)
	at org.openqa.selenium.remote.HttpCommandExecutor.execute(HttpCommandExecutor.java:184)
	at org.openqa.selenium.remote.service.DriverCommandExecutor.invokeExecute(DriverCommandExecutor.java:167)
	at org.openqa.selenium.remote.service.DriverCommandExecutor.execute(DriverCommandExecutor.java:142)
	at org.openqa.selenium.remote.RemoteWebDriver.execute(RemoteWebDriver.java:543)
	at org.openqa.selenium.remote.ElementLocation$ElementFinder$2.findElement(ElementLocation.java:162)
	at org.openqa.selenium.remote.ElementLocation.findElement(ElementLocation.java:60)
	at org.openqa.selenium.remote.RemoteWebDriver.findElement(RemoteWebDriver.java:367)
	at org.openqa.selenium.remote.RemoteWebDriver.findElement(RemoteWebDriver.java:359)
	at org.openqa.selenium.support.pagefactory.DefaultElementLocator.findElement(DefaultElementLocator.java:70)
	at org.openqa.selenium.support.pagefactory.internal.LocatingElementHandler.invoke(LocatingElementHandler.java:39)
	at com.sun.proxy.$Proxy17.click(Unknown Source)
	at base.CommonAPI.click(CommonAPI.java:174)
	at us.piit.ProfilPage.clickHiMaurice(ProfilPage.java:48)
	at us.piit.logout.TestLogOut.logOut(TestLogOut.java:22)
	at sun.reflect.NativeMethodAccessorImpl.invoke0(Native Method)
	at sun.reflect.NativeMethodAccessorImpl.invoke(NativeMethodAccessorImpl.java:62)
	at sun.reflect.DelegatingMethodAccessorImpl.invoke(DelegatingMethodAccessorImpl.java:43)
	at java.lang.reflect.Method.invoke(Method.java:498)
	at org.testng.internal.invokers.MethodInvocationHelper.invokeMethod(MethodInvocationHelper.java:135)
	at org.testng.internal.invokers.TestInvoker.invokeMethod(TestInvoker.java:673)
	at org.testng.internal.invokers.TestInvoker.invokeTestMethod(TestInvoker.java:220)
	at org.testng.internal.invokers.MethodRunner.runInSequence(MethodRunner.java:50)
	at org.testng.internal.invokers.TestInvoker$MethodInvocationAgent.invoke(TestInvoker.java:945)
	at org.testng.internal.invokers.TestInvoker.invokeTestMethods(TestInvoker.java:193)
	at org.testng.internal.invokers.TestMethodWorker.invokeTestMethods(TestMethodWorker.java:146)
	at org.testng.internal.invokers.TestMethodWorker.run(TestMethodWorker.java:128)
	at java.util.ArrayList.forEach(ArrayList.java:1259)
	at org.testng.TestRunner.privateRun(TestRunner.java:808)
	at org.testng.TestRunner.run(TestRunner.java:603)
	at org.testng.SuiteRunner.runTest(SuiteRunner.java:429)
	at org.testng.SuiteRunner.runSequentially(SuiteRunner.java:423)
	at org.testng.SuiteRunner.privateRun(SuiteRunner.java:383)
	at org.testng.SuiteRunner.run(SuiteRunner.java:326)
	at org.testng.SuiteRunnerWorker.runSuite(SuiteRunnerWorker.java:52)
	at org.testng.SuiteRunnerWorker.run(SuiteRunnerWorker.java:95)
	at org.testng.TestNG.runSuitesSequentially(TestNG.java:1249)
	at org.testng.TestNG.runSuitesLocally(TestNG.java:1169)
	at org.testng.TestNG.runSuites(TestNG.java:1092)
	at org.testng.TestNG.run(TestNG.java:1060)
	at com.intellij.rt.testng.IDEARemoteTestNG.run(IDEARemoteTestNG.java:66)
	at com.intellij.rt.testng.RemoteTestNGStarter.main(RemoteTestNGStarter.java:109)</td>
																</tr>
														</tbody>
													</table>
													<ul class='collapsible node-list' data-collapsible='accordion'>
													</ul>
												</div>
											</div>
										</li>
										<li class='collection-item test displayed active pass ' extentid='72b4bbea-ae2a-4733-92f8-8bb800adb5b6'>
											<div class='test-head'>
												<span class='test-name'>SearchItem </span>
												<span class='test-status label right outline capitalize pass'>pass</span>
												<span class='category-assigned hide  testseachtopselleritem'></span>
											</div>
											<div class='test-body'>
												<div class='test-info'>
													<span title='Test started time' alt='Test started time' class='test-started-time label green lighten-1 text-white'>2022-02-19 12:04:59</span>
													<span title='Test ended time' alt='Test ended time' class='test-ended-time label red lighten-1 text-white'>2022-02-19 12:05:07</span>
													<span title='Time taken to finish' alt='Time taken to finish' class='test-time-taken label blue-grey lighten-3 text-white'>0h 0m 8s+460ms</span>
												</div>
												<div class='test-desc'></div>
												<div class='test-attributes'>
														<div class='categories'>
																<span class='category text-white'>TestSeachTopSellerItem</span>
														</div>
												</div>
												<div class='test-steps'>
													<table class='bordered table-results'>
														<thead>
															<tr>
																<th>Status</th>
																<th>Timestamp</th>
																<th>Details</th>
															</tr>
														</thead>
														<tbody>
																<tr>
																	<td class='status pass' title='pass' alt='pass'><i class='mdi-action-check-circle'></i></td>
																	<td class='timestamp'>12:05:07</td>
																	<td class='step-details'>Test Passed</td>
																</tr>
														</tbody>
													</table>
													<ul class='collapsible node-list' data-collapsible='accordion'>
													</ul>
												</div>
											</div>
										</li>
										<li class='collection-item test displayed active pass ' extentid='44edbf6e-8454-4f6e-b245-bb8de626be00'>
											<div class='test-head'>
												<span class='test-name'>AddProductToCart </span>
												<span class='test-status label right outline capitalize pass'>pass</span>
												<span class='category-assigned hide  testaddingproducttocart'></span>
											</div>
											<div class='test-body'>
												<div class='test-info'>
													<span title='Test started time' alt='Test started time' class='test-started-time label green lighten-1 text-white'>2022-02-19 12:05:15</span>
													<span title='Test ended time' alt='Test ended time' class='test-ended-time label red lighten-1 text-white'>2022-02-19 12:05:28</span>
													<span title='Time taken to finish' alt='Time taken to finish' class='test-time-taken label blue-grey lighten-3 text-white'>0h 0m 12s+914ms</span>
												</div>
												<div class='test-desc'></div>
												<div class='test-attributes'>
														<div class='categories'>
																<span class='category text-white'>TestAddingProductToCart</span>
														</div>
												</div>
												<div class='test-steps'>
													<table class='bordered table-results'>
														<thead>
															<tr>
																<th>Status</th>
																<th>Timestamp</th>
																<th>Details</th>
															</tr>
														</thead>
														<tbody>
																<tr>
																	<td class='status pass' title='pass' alt='pass'><i class='mdi-action-check-circle'></i></td>
																	<td class='timestamp'>12:05:28</td>
																	<td class='step-details'>Test Passed</td>
																</tr>
														</tbody>
													</table>
													<ul class='collapsible node-list' data-collapsible='accordion'>
													</ul>
												</div>
											</div>
										</li>
										<li class='collection-item test displayed active pass ' extentid='cc710d9c-5886-4307-8416-349bf81ee4b6'>
											<div class='test-head'>
												<span class='test-name'>RemoveProductFromCart </span>
												<span class='test-status label right outline capitalize pass'>pass</span>
												<span class='category-assigned hide  testremoveproductfromcart'></span>
											</div>
											<div class='test-body'>
												<div class='test-info'>
													<span title='Test started time' alt='Test started time' class='test-started-time label green lighten-1 text-white'>2022-02-19 12:05:36</span>
													<span title='Test ended time' alt='Test ended time' class='test-ended-time label red lighten-1 text-white'>2022-02-19 12:05:52</span>
													<span title='Time taken to finish' alt='Time taken to finish' class='test-time-taken label blue-grey lighten-3 text-white'>0h 0m 15s+775ms</span>
												</div>
												<div class='test-desc'></div>
												<div class='test-attributes'>
														<div class='categories'>
																<span class='category text-white'>TestRemoveProductFromCart</span>
														</div>
												</div>
												<div class='test-steps'>
													<table class='bordered table-results'>
														<thead>
															<tr>
																<th>Status</th>
																<th>Timestamp</th>
																<th>Details</th>
															</tr>
														</thead>
														<tbody>
																<tr>
																	<td class='status pass' title='pass' alt='pass'><i class='mdi-action-check-circle'></i></td>
																	<td class='timestamp'>12:05:52</td>
																	<td class='step-details'>Test Passed</td>
																</tr>
														</tbody>
													</table>
													<ul class='collapsible node-list' data-collapsible='accordion'>
													</ul>
												</div>
											</div>
										</li>
										<li class='collection-item test displayed active fail ' extentid='6043aaa2-6a32-4582-8390-40553c1e38fa'>
											<div class='test-head'>
												<span class='test-name'>ScheduleCovidVaccin </span>
												<span class='test-status label right outline capitalize fail'>fail</span>
												<span class='category-assigned hide  testvaccinescheduling'></span>
											</div>
											<div class='test-body'>
												<div class='test-info'>
													<span title='Test started time' alt='Test started time' class='test-started-time label green lighten-1 text-white'>2022-02-19 12:05:59</span>
													<span title='Test ended time' alt='Test ended time' class='test-ended-time label red lighten-1 text-white'>2022-02-19 12:06:06</span>
													<span title='Time taken to finish' alt='Time taken to finish' class='test-time-taken label blue-grey lighten-3 text-white'>0h 0m 7s+352ms</span>
												</div>
												<div class='test-desc'></div>
												<div class='test-attributes'>
														<div class='categories'>
																<span class='category text-white'>TestVaccineScheduling</span>
														</div>
												</div>
												<div class='test-steps'>
													<table class='bordered table-results'>
														<thead>
															<tr>
																<th>Status</th>
																<th>Timestamp</th>
																<th>Details</th>
															</tr>
														</thead>
														<tbody>
																<tr>
																	<td class='status fail' title='fail' alt='fail'><i class='mdi-navigation-cancel'></i></td>
																	<td class='timestamp'>12:06:06</td>
																	<td class='step-details'>org.openqa.selenium.InvalidSelectorException: invalid selector: An invalid or illegal selector was specified
  (Session info: chrome=98.0.4758.102)
For documentation on this error, please visit: https://selenium.dev/exceptions/#invalid_selector_exception
Build info: version: '4.1.1', revision: 'e8fcc2cecf'
System info: host: 'DESKTOP-DI8SEQA', ip: '10.0.0.203', os.name: 'Windows 10', os.arch: 'amd64', os.version: '10.0', java.version: '1.8.0_301'
Driver info: org.openqa.selenium.chrome.ChromeDriver
Command: [d871309e319b9d4383cf5c91224eb9dd, findElement {using=css selector, value=(//span[@role='button'])[1]}]
Capabilities {acceptInsecureCerts: false, browserName: chrome, browserVersion: 98.0.4758.102, chrome: {chromedriverVersion: 97.0.4692.71 (adefa7837d02a..., userDataDir: C:\Users\Julian\AppData\Loc...}, goog:chromeOptions: {debuggerAddress: localhost:65516}, javascriptEnabled: true, networkConnectionEnabled: false, pageLoadStrategy: normal, platform: WINDOWS, platformName: WINDOWS, proxy: Proxy(), se:cdp: ws://localhost:65516/devtoo..., se:cdpVersion: 98.0.4758.102, setWindowRect: true, strictFileInteractability: false, timeouts: {implicit: 0, pageLoad: 300000, script: 30000}, unhandledPromptBehavior: dismiss and notify, webauthn:extension:credBlob: true, webauthn:extension:largeBlob: true, webauthn:virtualAuthenticators: true}
Session ID: d871309e319b9d4383cf5c91224eb9dd
	at sun.reflect.NativeConstructorAccessorImpl.newInstance0(Native Method)
	at sun.reflect.NativeConstructorAccessorImpl.newInstance(NativeConstructorAccessorImpl.java:62)
	at sun.reflect.DelegatingConstructorAccessorImpl.newInstance(DelegatingConstructorAccessorImpl.java:45)
	at java.lang.reflect.Constructor.newInstance(Constructor.java:423)
	at org.openqa.selenium.remote.codec.w3c.W3CHttpResponseCodec.createException(W3CHttpResponseCodec.java:200)
	at org.openqa.selenium.remote.codec.w3c.W3CHttpResponseCodec.decode(W3CHttpResponseCodec.java:133)
	at org.openqa.selenium.remote.codec.w3c.W3CHttpResponseCodec.decode(W3CHttpResponseCodec.java:53)
	at org.openqa.selenium.remote.HttpCommandExecutor.execute(HttpCommandExecutor.java:184)
	at org.openqa.selenium.remote.service.DriverCommandExecutor.invokeExecute(DriverCommandExecutor.java:167)
	at org.openqa.selenium.remote.service.DriverCommandExecutor.execute(DriverCommandExecutor.java:142)
	at org.openqa.selenium.remote.RemoteWebDriver.execute(RemoteWebDriver.java:543)
	at org.openqa.selenium.remote.ElementLocation$ElementFinder$2.findElement(ElementLocation.java:162)
	at org.openqa.selenium.remote.ElementLocation.findElement(ElementLocation.java:60)
	at org.openqa.selenium.remote.RemoteWebDriver.findElement(RemoteWebDriver.java:367)
	at org.openqa.selenium.remote.RemoteWebDriver.findElement(RemoteWebDriver.java:359)
	at org.openqa.selenium.support.pagefactory.DefaultElementLocator.findElement(DefaultElementLocator.java:70)
	at org.openqa.selenium.support.pagefactory.internal.LocatingElementHandler.invoke(LocatingElementHandler.java:39)
	at com.sun.proxy.$Proxy17.click(Unknown Source)
	at base.CommonAPI.click(CommonAPI.java:174)
	at us.piit.VaccinePage.chooseVaccineTime(VaccinePage.java:66)
	at us.piit.vacinneoptions.TestVaccineScheduling.ScheduleCovidVaccin(TestVaccineScheduling.java:30)
	at sun.reflect.NativeMethodAccessorImpl.invoke0(Native Method)
	at sun.reflect.NativeMethodAccessorImpl.invoke(NativeMethodAccessorImpl.java:62)
	at sun.reflect.DelegatingMethodAccessorImpl.invoke(DelegatingMethodAccessorImpl.java:43)
	at java.lang.reflect.Method.invoke(Method.java:498)
	at org.testng.internal.invokers.MethodInvocationHelper.invokeMethod(MethodInvocationHelper.java:135)
	at org.testng.internal.invokers.TestInvoker.invokeMethod(TestInvoker.java:673)
	at org.testng.internal.invokers.TestInvoker.invokeTestMethod(TestInvoker.java:220)
	at org.testng.internal.invokers.MethodRunner.runInSequence(MethodRunner.java:50)
	at org.testng.internal.invokers.TestInvoker$MethodInvocationAgent.invoke(TestInvoker.java:945)
	at org.testng.internal.invokers.TestInvoker.invokeTestMethods(TestInvoker.java:193)
	at org.testng.internal.invokers.TestMethodWorker.invokeTestMethods(TestMethodWorker.java:146)
	at org.testng.internal.invokers.TestMethodWorker.run(TestMethodWorker.java:128)
	at java.util.ArrayList.forEach(ArrayList.java:1259)
	at org.testng.TestRunner.privateRun(TestRunner.java:808)
	at org.testng.TestRunner.run(TestRunner.java:603)
	at org.testng.SuiteRunner.runTest(SuiteRunner.java:429)
	at org.testng.SuiteRunner.runSequentially(SuiteRunner.java:423)
	at org.testng.SuiteRunner.privateRun(SuiteRunner.java:383)
	at org.testng.SuiteRunner.run(SuiteRunner.java:326)
	at org.testng.SuiteRunnerWorker.runSuite(SuiteRunnerWorker.java:52)
	at org.testng.SuiteRunnerWorker.run(SuiteRunnerWorker.java:95)
	at org.testng.TestNG.runSuitesSequentially(TestNG.java:1249)
	at org.testng.TestNG.runSuitesLocally(TestNG.java:1169)
	at org.testng.TestNG.runSuites(TestNG.java:1092)
	at org.testng.TestNG.run(TestNG.java:1060)
	at com.intellij.rt.testng.IDEARemoteTestNG.run(IDEARemoteTestNG.java:66)
	at com.intellij.rt.testng.RemoteTestNGStarter.main(RemoteTestNGStarter.java:109)</td>
																</tr>
														</tbody>
													</table>
													<ul class='collapsible node-list' data-collapsible='accordion'>
													</ul>
												</div>
											</div>
										</li>
										<li class='collection-item test displayed active fail ' extentid='bcc1a260-9807-4526-bc19-c6b5ea72aef8'>
											<div class='test-head'>
												<span class='test-name'>UpdatePersonalInformation </span>
												<span class='test-status label right outline capitalize fail'>fail</span>
												<span class='category-assigned hide  testupdatpersonalinfo'></span>
											</div>
											<div class='test-body'>
												<div class='test-info'>
													<span title='Test started time' alt='Test started time' class='test-started-time label green lighten-1 text-white'>2022-02-19 12:06:14</span>
													<span title='Test ended time' alt='Test ended time' class='test-ended-time label red lighten-1 text-white'>2022-02-19 12:06:27</span>
													<span title='Time taken to finish' alt='Time taken to finish' class='test-time-taken label blue-grey lighten-3 text-white'>0h 0m 12s+911ms</span>
												</div>
												<div class='test-desc'></div>
												<div class='test-attributes'>
														<div class='categories'>
																<span class='category text-white'>TestUpdatPersonalInfo</span>
														</div>
												</div>
												<div class='test-steps'>
													<table class='bordered table-results'>
														<thead>
															<tr>
																<th>Status</th>
																<th>Timestamp</th>
																<th>Details</th>
															</tr>
														</thead>
														<tbody>
																<tr>
																	<td class='status fail' title='fail' alt='fail'><i class='mdi-navigation-cancel'></i></td>
																	<td class='timestamp'>12:06:27</td>
																	<td class='step-details'>org.openqa.selenium.NoSuchElementException: no such element: Unable to locate element: {"method":"xpath","selector":"//strong[text()='Hi, Maurice']"}
  (Session info: chrome=98.0.4758.102)
For documentation on this error, please visit: https://selenium.dev/exceptions/#no_such_element
Build info: version: '4.1.1', revision: 'e8fcc2cecf'
System info: host: 'DESKTOP-DI8SEQA', ip: '10.0.0.203', os.name: 'Windows 10', os.arch: 'amd64', os.version: '10.0', java.version: '1.8.0_301'
Driver info: org.openqa.selenium.chrome.ChromeDriver
Command: [9c8ac531dd30a8e825b8e1097c01d60f, findElement {using=xpath, value=//strong[text()='Hi, Maurice']}]
Capabilities {acceptInsecureCerts: false, browserName: chrome, browserVersion: 98.0.4758.102, chrome: {chromedriverVersion: 97.0.4692.71 (adefa7837d02a..., userDataDir: C:\Users\Julian\AppData\Loc...}, goog:chromeOptions: {debuggerAddress: localhost:49198}, javascriptEnabled: true, networkConnectionEnabled: false, pageLoadStrategy: normal, platform: WINDOWS, platformName: WINDOWS, proxy: Proxy(), se:cdp: ws://localhost:49198/devtoo..., se:cdpVersion: 98.0.4758.102, setWindowRect: true, strictFileInteractability: false, timeouts: {implicit: 0, pageLoad: 300000, script: 30000}, unhandledPromptBehavior: dismiss and notify, webauthn:extension:credBlob: true, webauthn:extension:largeBlob: true, webauthn:virtualAuthenticators: true}
Session ID: 9c8ac531dd30a8e825b8e1097c01d60f
	at sun.reflect.NativeConstructorAccessorImpl.newInstance0(Native Method)
	at sun.reflect.NativeConstructorAccessorImpl.newInstance(NativeConstructorAccessorImpl.java:62)
	at sun.reflect.DelegatingConstructorAccessorImpl.newInstance(DelegatingConstructorAccessorImpl.java:45)
	at java.lang.reflect.Constructor.newInstance(Constructor.java:423)
	at org.openqa.selenium.remote.codec.w3c.W3CHttpResponseCodec.createException(W3CHttpResponseCodec.java:200)
	at org.openqa.selenium.remote.codec.w3c.W3CHttpResponseCodec.decode(W3CHttpResponseCodec.java:133)
	at org.openqa.selenium.remote.codec.w3c.W3CHttpResponseCodec.decode(W3CHttpResponseCodec.java:53)
	at org.openqa.selenium.remote.HttpCommandExecutor.execute(HttpCommandExecutor.java:184)
	at org.openqa.selenium.remote.service.DriverCommandExecutor.invokeExecute(DriverCommandExecutor.java:167)
	at org.openqa.selenium.remote.service.DriverCommandExecutor.execute(DriverCommandExecutor.java:142)
	at org.openqa.selenium.remote.RemoteWebDriver.execute(RemoteWebDriver.java:543)
	at org.openqa.selenium.remote.ElementLocation$ElementFinder$2.findElement(ElementLocation.java:162)
	at org.openqa.selenium.remote.ElementLocation.findElement(ElementLocation.java:60)
	at org.openqa.selenium.remote.RemoteWebDriver.findElement(RemoteWebDriver.java:367)
	at org.openqa.selenium.remote.RemoteWebDriver.findElement(RemoteWebDriver.java:359)
	at org.openqa.selenium.support.pagefactory.DefaultElementLocator.findElement(DefaultElementLocator.java:70)
	at org.openqa.selenium.support.pagefactory.internal.LocatingElementHandler.invoke(LocatingElementHandler.java:39)
	at com.sun.proxy.$Proxy17.click(Unknown Source)
	at base.CommonAPI.click(CommonAPI.java:174)
	at us.piit.ProfilPage.clickHiMaurice(ProfilPage.java:48)
	at us.piit.profile.TestUpdatPersonalInfo.UpdatePersonalInformation(TestUpdatPersonalInfo.java:24)
	at sun.reflect.NativeMethodAccessorImpl.invoke0(Native Method)
	at sun.reflect.NativeMethodAccessorImpl.invoke(NativeMethodAccessorImpl.java:62)
	at sun.reflect.DelegatingMethodAccessorImpl.invoke(DelegatingMethodAccessorImpl.java:43)
	at java.lang.reflect.Method.invoke(Method.java:498)
	at org.testng.internal.invokers.MethodInvocationHelper.invokeMethod(MethodInvocationHelper.java:135)
	at org.testng.internal.invokers.TestInvoker.invokeMethod(TestInvoker.java:673)
	at org.testng.internal.invokers.TestInvoker.invokeTestMethod(TestInvoker.java:220)
	at org.testng.internal.invokers.MethodRunner.runInSequence(MethodRunner.java:50)
	at org.testng.internal.invokers.TestInvoker$MethodInvocationAgent.invoke(TestInvoker.java:945)
	at org.testng.internal.invokers.TestInvoker.invokeTestMethods(TestInvoker.java:193)
	at org.testng.internal.invokers.TestMethodWorker.invokeTestMethods(TestMethodWorker.java:146)
	at org.testng.internal.invokers.TestMethodWorker.run(TestMethodWorker.java:128)
	at java.util.ArrayList.forEach(ArrayList.java:1259)
	at org.testng.TestRunner.privateRun(TestRunner.java:808)
	at org.testng.TestRunner.run(TestRunner.java:603)
	at org.testng.SuiteRunner.runTest(SuiteRunner.java:429)
	at org.testng.SuiteRunner.runSequentially(SuiteRunner.java:423)
	at org.testng.SuiteRunner.privateRun(SuiteRunner.java:383)
	at org.testng.SuiteRunner.run(SuiteRunner.java:326)
	at org.testng.SuiteRunnerWorker.runSuite(SuiteRunnerWorker.java:52)
	at org.testng.SuiteRunnerWorker.run(SuiteRunnerWorker.java:95)
	at org.testng.TestNG.runSuitesSequentially(TestNG.java:1249)
	at org.testng.TestNG.runSuitesLocally(TestNG.java:1169)
	at org.testng.TestNG.runSuites(TestNG.java:1092)
	at org.testng.TestNG.run(TestNG.java:1060)
	at com.intellij.rt.testng.IDEARemoteTestNG.run(IDEARemoteTestNG.java:66)
	at com.intellij.rt.testng.RemoteTestNGStarter.main(RemoteTestNGStarter.java:109)</td>
																</tr>
														</tbody>
													</table>
													<ul class='collapsible node-list' data-collapsible='accordion'>
													</ul>
												</div>
											</div>
										</li>
										<li class='collection-item test displayed active pass ' extentid='e2b095f2-d4a6-4aa5-a000-b72002faa187'>
											<div class='test-head'>
												<span class='test-name'>CouponsOptionsvailability </span>
												<span class='test-status label right outline capitalize pass'>pass</span>
												<span class='category-assigned hide  testcouponsoptions'></span>
											</div>
											<div class='test-body'>
												<div class='test-info'>
													<span title='Test started time' alt='Test started time' class='test-started-time label green lighten-1 text-white'>2022-02-19 12:06:34</span>
													<span title='Test ended time' alt='Test ended time' class='test-ended-time label red lighten-1 text-white'>2022-02-19 12:06:49</span>
													<span title='Time taken to finish' alt='Time taken to finish' class='test-time-taken label blue-grey lighten-3 text-white'>0h 0m 14s+828ms</span>
												</div>
												<div class='test-desc'></div>
												<div class='test-attributes'>
														<div class='categories'>
																<span class='category text-white'>TestCouponsOptions</span>
														</div>
												</div>
												<div class='test-steps'>
													<table class='bordered table-results'>
														<thead>
															<tr>
																<th>Status</th>
																<th>Timestamp</th>
																<th>Details</th>
															</tr>
														</thead>
														<tbody>
																<tr>
																	<td class='status pass' title='pass' alt='pass'><i class='mdi-action-check-circle'></i></td>
																	<td class='timestamp'>12:06:49</td>
																	<td class='step-details'>Test Passed</td>
																</tr>
														</tbody>
													</table>
													<ul class='collapsible node-list' data-collapsible='accordion'>
													</ul>
												</div>
											</div>
										</li>
										<li class='collection-item test displayed active pass ' extentid='0069e0f9-adca-40ee-ab05-ec4f7e2dadd1'>
											<div class='test-head'>
												<span class='test-name'>PharmacyChat </span>
												<span class='test-status label right outline capitalize pass'>pass</span>
												<span class='category-assigned hide  testpharmacychat'></span>
											</div>
											<div class='test-body'>
												<div class='test-info'>
													<span title='Test started time' alt='Test started time' class='test-started-time label green lighten-1 text-white'>2022-02-19 12:06:56</span>
													<span title='Test ended time' alt='Test ended time' class='test-ended-time label red lighten-1 text-white'>2022-02-19 12:07:00</span>
													<span title='Time taken to finish' alt='Time taken to finish' class='test-time-taken label blue-grey lighten-3 text-white'>0h 0m 4s+271ms</span>
												</div>
												<div class='test-desc'></div>
												<div class='test-attributes'>
														<div class='categories'>
																<span class='category text-white'>TestPharmacyChat</span>
														</div>
												</div>
												<div class='test-steps'>
													<table class='bordered table-results'>
														<thead>
															<tr>
																<th>Status</th>
																<th>Timestamp</th>
																<th>Details</th>
															</tr>
														</thead>
														<tbody>
																<tr>
																	<td class='status pass' title='pass' alt='pass'><i class='mdi-action-check-circle'></i></td>
																	<td class='timestamp'>12:07:00</td>
																	<td class='step-details'>Test Passed</td>
																</tr>
														</tbody>
													</table>
													<ul class='collapsible node-list' data-collapsible='accordion'>
													</ul>
												</div>
											</div>
										</li>
										<li class='collection-item test displayed active fail ' extentid='561d1f59-201e-4fe9-b139-3ed5c9df92f9'>
											<div class='test-head'>
												<span class='test-name'>AddingPaymentMethod </span>
												<span class='test-status label right outline capitalize fail'>fail</span>
												<span class='category-assigned hide  testaddingwrongpaymentmethod'></span>
											</div>
											<div class='test-body'>
												<div class='test-info'>
													<span title='Test started time' alt='Test started time' class='test-started-time label green lighten-1 text-white'>2022-02-19 12:07:07</span>
													<span title='Test ended time' alt='Test ended time' class='test-ended-time label red lighten-1 text-white'>2022-02-19 12:07:19</span>
													<span title='Time taken to finish' alt='Time taken to finish' class='test-time-taken label blue-grey lighten-3 text-white'>0h 0m 12s+442ms</span>
												</div>
												<div class='test-desc'></div>
												<div class='test-attributes'>
														<div class='categories'>
																<span class='category text-white'>TestAddingWrongPaymentMethod</span>
														</div>
												</div>
												<div class='test-steps'>
													<table class='bordered table-results'>
														<thead>
															<tr>
																<th>Status</th>
																<th>Timestamp</th>
																<th>Details</th>
															</tr>
														</thead>
														<tbody>
																<tr>
																	<td class='status fail' title='fail' alt='fail'><i class='mdi-navigation-cancel'></i></td>
																	<td class='timestamp'>12:07:19</td>
																	<td class='step-details'>org.openqa.selenium.NoSuchElementException: no such element: Unable to locate element: {"method":"xpath","selector":"//strong[text()='Hi, Maurice']"}
  (Session info: chrome=98.0.4758.102)
For documentation on this error, please visit: https://selenium.dev/exceptions/#no_such_element
Build info: version: '4.1.1', revision: 'e8fcc2cecf'
System info: host: 'DESKTOP-DI8SEQA', ip: '10.0.0.203', os.name: 'Windows 10', os.arch: 'amd64', os.version: '10.0', java.version: '1.8.0_301'
Driver info: org.openqa.selenium.chrome.ChromeDriver
Command: [2241372cc7d850fccdda397fd099c95b, findElement {using=xpath, value=//strong[text()='Hi, Maurice']}]
Capabilities {acceptInsecureCerts: false, browserName: chrome, browserVersion: 98.0.4758.102, chrome: {chromedriverVersion: 97.0.4692.71 (adefa7837d02a..., userDataDir: C:\Users\Julian\AppData\Loc...}, goog:chromeOptions: {debuggerAddress: localhost:49421}, javascriptEnabled: true, networkConnectionEnabled: false, pageLoadStrategy: normal, platform: WINDOWS, platformName: WINDOWS, proxy: Proxy(), se:cdp: ws://localhost:49421/devtoo..., se:cdpVersion: 98.0.4758.102, setWindowRect: true, strictFileInteractability: false, timeouts: {implicit: 0, pageLoad: 300000, script: 30000}, unhandledPromptBehavior: dismiss and notify, webauthn:extension:credBlob: true, webauthn:extension:largeBlob: true, webauthn:virtualAuthenticators: true}
Session ID: 2241372cc7d850fccdda397fd099c95b
	at sun.reflect.NativeConstructorAccessorImpl.newInstance0(Native Method)
	at sun.reflect.NativeConstructorAccessorImpl.newInstance(NativeConstructorAccessorImpl.java:62)
	at sun.reflect.DelegatingConstructorAccessorImpl.newInstance(DelegatingConstructorAccessorImpl.java:45)
	at java.lang.reflect.Constructor.newInstance(Constructor.java:423)
	at org.openqa.selenium.remote.codec.w3c.W3CHttpResponseCodec.createException(W3CHttpResponseCodec.java:200)
	at org.openqa.selenium.remote.codec.w3c.W3CHttpResponseCodec.decode(W3CHttpResponseCodec.java:133)
	at org.openqa.selenium.remote.codec.w3c.W3CHttpResponseCodec.decode(W3CHttpResponseCodec.java:53)
	at org.openqa.selenium.remote.HttpCommandExecutor.execute(HttpCommandExecutor.java:184)
	at org.openqa.selenium.remote.service.DriverCommandExecutor.invokeExecute(DriverCommandExecutor.java:167)
	at org.openqa.selenium.remote.service.DriverCommandExecutor.execute(DriverCommandExecutor.java:142)
	at org.openqa.selenium.remote.RemoteWebDriver.execute(RemoteWebDriver.java:543)
	at org.openqa.selenium.remote.ElementLocation$ElementFinder$2.findElement(ElementLocation.java:162)
	at org.openqa.selenium.remote.ElementLocation.findElement(ElementLocation.java:60)
	at org.openqa.selenium.remote.RemoteWebDriver.findElement(RemoteWebDriver.java:367)
	at org.openqa.selenium.remote.RemoteWebDriver.findElement(RemoteWebDriver.java:359)
	at org.openqa.selenium.support.pagefactory.DefaultElementLocator.findElement(DefaultElementLocator.java:70)
	at org.openqa.selenium.support.pagefactory.internal.LocatingElementHandler.invoke(LocatingElementHandler.java:39)
	at com.sun.proxy.$Proxy17.isEnabled(Unknown Source)
	at us.piit.payment.TestAddingWrongPaymentMethod.AddingPaymentMethod(TestAddingWrongPaymentMethod.java:28)
	at sun.reflect.NativeMethodAccessorImpl.invoke0(Native Method)
	at sun.reflect.NativeMethodAccessorImpl.invoke(NativeMethodAccessorImpl.java:62)
	at sun.reflect.DelegatingMethodAccessorImpl.invoke(DelegatingMethodAccessorImpl.java:43)
	at java.lang.reflect.Method.invoke(Method.java:498)
	at org.testng.internal.invokers.MethodInvocationHelper.invokeMethod(MethodInvocationHelper.java:135)
	at org.testng.internal.invokers.TestInvoker.invokeMethod(TestInvoker.java:673)
	at org.testng.internal.invokers.TestInvoker.invokeTestMethod(TestInvoker.java:220)
	at org.testng.internal.invokers.MethodRunner.runInSequence(MethodRunner.java:50)
	at org.testng.internal.invokers.TestInvoker$MethodInvocationAgent.invoke(TestInvoker.java:945)
	at org.testng.internal.invokers.TestInvoker.invokeTestMethods(TestInvoker.java:193)
	at org.testng.internal.invokers.TestMethodWorker.invokeTestMethods(TestMethodWorker.java:146)
	at org.testng.internal.invokers.TestMethodWorker.run(TestMethodWorker.java:128)
	at java.util.ArrayList.forEach(ArrayList.java:1259)
	at org.testng.TestRunner.privateRun(TestRunner.java:808)
	at org.testng.TestRunner.run(TestRunner.java:603)
	at org.testng.SuiteRunner.runTest(SuiteRunner.java:429)
	at org.testng.SuiteRunner.runSequentially(SuiteRunner.java:423)
	at org.testng.SuiteRunner.privateRun(SuiteRunner.java:383)
	at org.testng.SuiteRunner.run(SuiteRunner.java:326)
	at org.testng.SuiteRunnerWorker.runSuite(SuiteRunnerWorker.java:52)
	at org.testng.SuiteRunnerWorker.run(SuiteRunnerWorker.java:95)
	at org.testng.TestNG.runSuitesSequentially(TestNG.java:1249)
	at org.testng.TestNG.runSuitesLocally(TestNG.java:1169)
	at org.testng.TestNG.runSuites(TestNG.java:1092)
	at org.testng.TestNG.run(TestNG.java:1060)
	at com.intellij.rt.testng.IDEARemoteTestNG.run(IDEARemoteTestNG.java:66)
	at com.intellij.rt.testng.RemoteTestNGStarter.main(RemoteTestNGStarter.java:109)</td>
																</tr>
														</tbody>
													</table>
													<ul class='collapsible node-list' data-collapsible='accordion'>
													</ul>
												</div>
											</div>
										</li>
										<li class='collection-item test displayed active pass ' extentid='70b77e60-46a7-4ac1-a657-067fd5b0f6b5'>
											<div class='test-head'>
												<span class='test-name'>HealthServices </span>
												<span class='test-status label right outline capitalize pass'>pass</span>
												<span class='category-assigned hide  testhealthservices'></span>
											</div>
											<div class='test-body'>
												<div class='test-info'>
													<span title='Test started time' alt='Test started time' class='test-started-time label green lighten-1 text-white'>2022-02-19 12:07:27</span>
													<span title='Test ended time' alt='Test ended time' class='test-ended-time label red lighten-1 text-white'>2022-02-19 12:07:35</span>
													<span title='Time taken to finish' alt='Time taken to finish' class='test-time-taken label blue-grey lighten-3 text-white'>0h 0m 7s+895ms</span>
												</div>
												<div class='test-desc'></div>
												<div class='test-attributes'>
														<div class='categories'>
																<span class='category text-white'>TestHealthServices</span>
														</div>
												</div>
												<div class='test-steps'>
													<table class='bordered table-results'>
														<thead>
															<tr>
																<th>Status</th>
																<th>Timestamp</th>
																<th>Details</th>
															</tr>
														</thead>
														<tbody>
																<tr>
																	<td class='status pass' title='pass' alt='pass'><i class='mdi-action-check-circle'></i></td>
																	<td class='timestamp'>12:07:35</td>
																	<td class='step-details'>Test Passed</td>
																</tr>
														</tbody>
													</table>
													<ul class='collapsible node-list' data-collapsible='accordion'>
													</ul>
												</div>
											</div>
										</li>
										<li class='collection-item test displayed active pass ' extentid='3f943472-ffa2-4f6d-aac1-065dcbe9d548'>
											<div class='test-head'>
												<span class='test-name'>PetSuppliesInShopProducts </span>
												<span class='test-status label right outline capitalize pass'>pass</span>
												<span class='category-assigned hide  testpetsuppliesinshopproducts'></span>
											</div>
											<div class='test-body'>
												<div class='test-info'>
													<span title='Test started time' alt='Test started time' class='test-started-time label green lighten-1 text-white'>2022-02-19 12:07:43</span>
													<span title='Test ended time' alt='Test ended time' class='test-ended-time label red lighten-1 text-white'>2022-02-19 12:07:49</span>
													<span title='Time taken to finish' alt='Time taken to finish' class='test-time-taken label blue-grey lighten-3 text-white'>0h 0m 6s+128ms</span>
												</div>
												<div class='test-desc'></div>
												<div class='test-attributes'>
														<div class='categories'>
																<span class='category text-white'>TestPetSuppliesInShopProducts</span>
														</div>
												</div>
												<div class='test-steps'>
													<table class='bordered table-results'>
														<thead>
															<tr>
																<th>Status</th>
																<th>Timestamp</th>
																<th>Details</th>
															</tr>
														</thead>
														<tbody>
																<tr>
																	<td class='status pass' title='pass' alt='pass'><i class='mdi-action-check-circle'></i></td>
																	<td class='timestamp'>12:07:49</td>
																	<td class='step-details'>Test Passed</td>
																</tr>
														</tbody>
													</table>
													<ul class='collapsible node-list' data-collapsible='accordion'>
													</ul>
												</div>
											</div>
										</li>
										<li class='collection-item test displayed active fail ' extentid='e44b1a14-3500-4077-9598-28f4e619871a'>
											<div class='test-head'>
												<span class='test-name'>BeautySuppliesInShopProducts </span>
												<span class='test-status label right outline capitalize fail'>fail</span>
												<span class='category-assigned hide  testbeautysuppliesinshopproducts'></span>
											</div>
											<div class='test-body'>
												<div class='test-info'>
													<span title='Test started time' alt='Test started time' class='test-started-time label green lighten-1 text-white'>2022-02-19 12:07:56</span>
													<span title='Test ended time' alt='Test ended time' class='test-ended-time label red lighten-1 text-white'>2022-02-19 12:07:58</span>
													<span title='Time taken to finish' alt='Time taken to finish' class='test-time-taken label blue-grey lighten-3 text-white'>0h 0m 1s+360ms</span>
												</div>
												<div class='test-desc'></div>
												<div class='test-attributes'>
														<div class='categories'>
																<span class='category text-white'>TestBeautySuppliesInShopProducts</span>
														</div>
												</div>
												<div class='test-steps'>
													<table class='bordered table-results'>
														<thead>
															<tr>
																<th>Status</th>
																<th>Timestamp</th>
																<th>Details</th>
															</tr>
														</thead>
														<tbody>
																<tr>
																	<td class='status fail' title='fail' alt='fail'><i class='mdi-navigation-cancel'></i></td>
																	<td class='timestamp'>12:07:58</td>
																	<td class='step-details'>org.openqa.selenium.ElementClickInterceptedException: element click intercepted: Element <span>...</span> is not clickable at point (109, 292). Other element would receive the click: <span>...</span>
  (Session info: chrome=98.0.4758.102)
Build info: version: '4.1.1', revision: 'e8fcc2cecf'
System info: host: 'DESKTOP-DI8SEQA', ip: '10.0.0.203', os.name: 'Windows 10', os.arch: 'amd64', os.version: '10.0', java.version: '1.8.0_301'
Driver info: org.openqa.selenium.chrome.ChromeDriver
Command: [b7d1b68f0db1863076e138a3a15ecbb1, clickElement {id=a244732d-27d6-41ae-91b0-5ddefca23712}]
Capabilities {acceptInsecureCerts: false, browserName: chrome, browserVersion: 98.0.4758.102, chrome: {chromedriverVersion: 97.0.4692.71 (adefa7837d02a..., userDataDir: C:\Users\Julian\AppData\Loc...}, goog:chromeOptions: {debuggerAddress: localhost:49643}, javascriptEnabled: true, networkConnectionEnabled: false, pageLoadStrategy: normal, platform: WINDOWS, platformName: WINDOWS, proxy: Proxy(), se:cdp: ws://localhost:49643/devtoo..., se:cdpVersion: 98.0.4758.102, setWindowRect: true, strictFileInteractability: false, timeouts: {implicit: 0, pageLoad: 300000, script: 30000}, unhandledPromptBehavior: dismiss and notify, webauthn:extension:credBlob: true, webauthn:extension:largeBlob: true, webauthn:virtualAuthenticators: true}
Element: [[ChromeDriver: chrome on WINDOWS (b7d1b68f0db1863076e138a3a15ecbb1)] -> xpath: //span[text()='Shop Products']]
Session ID: b7d1b68f0db1863076e138a3a15ecbb1
	at sun.reflect.NativeConstructorAccessorImpl.newInstance0(Native Method)
	at sun.reflect.NativeConstructorAccessorImpl.newInstance(NativeConstructorAccessorImpl.java:62)
	at sun.reflect.DelegatingConstructorAccessorImpl.newInstance(DelegatingConstructorAccessorImpl.java:45)
	at java.lang.reflect.Constructor.newInstance(Constructor.java:423)
	at org.openqa.selenium.remote.codec.w3c.W3CHttpResponseCodec.createException(W3CHttpResponseCodec.java:200)
	at org.openqa.selenium.remote.codec.w3c.W3CHttpResponseCodec.decode(W3CHttpResponseCodec.java:133)
	at org.openqa.selenium.remote.codec.w3c.W3CHttpResponseCodec.decode(W3CHttpResponseCodec.java:53)
	at org.openqa.selenium.remote.HttpCommandExecutor.execute(HttpCommandExecutor.java:184)
	at org.openqa.selenium.remote.service.DriverCommandExecutor.invokeExecute(DriverCommandExecutor.java:167)
	at org.openqa.selenium.remote.service.DriverCommandExecutor.execute(DriverCommandExecutor.java:142)
	at org.openqa.selenium.remote.RemoteWebDriver.execute(RemoteWebDriver.java:543)
	at org.openqa.selenium.remote.RemoteWebElement.execute(RemoteWebElement.java:251)
	at org.openqa.selenium.remote.RemoteWebElement.click(RemoteWebElement.java:77)
	at sun.reflect.GeneratedMethodAccessor21.invoke(Unknown Source)
	at sun.reflect.DelegatingMethodAccessorImpl.invoke(DelegatingMethodAccessorImpl.java:43)
	at java.lang.reflect.Method.invoke(Method.java:498)
	at org.openqa.selenium.support.pagefactory.internal.LocatingElementHandler.invoke(LocatingElementHandler.java:52)
	at com.sun.proxy.$Proxy17.click(Unknown Source)
	at base.CommonAPI.click(CommonAPI.java:174)
	at us.piit.HomePage.shopProductsBtn(HomePage.java:116)
	at us.piit.menu.TestBeautySuppliesInShopProducts.BeautySuppliesInShopProducts(TestBeautySuppliesInShopProducts.java:16)
	at sun.reflect.NativeMethodAccessorImpl.invoke0(Native Method)
	at sun.reflect.NativeMethodAccessorImpl.invoke(NativeMethodAccessorImpl.java:62)
	at sun.reflect.DelegatingMethodAccessorImpl.invoke(DelegatingMethodAccessorImpl.java:43)
	at java.lang.reflect.Method.invoke(Method.java:498)
	at org.testng.internal.invokers.MethodInvocationHelper.invokeMethod(MethodInvocationHelper.java:135)
	at org.testng.internal.invokers.TestInvoker.invokeMethod(TestInvoker.java:673)
	at org.testng.internal.invokers.TestInvoker.invokeTestMethod(TestInvoker.java:220)
	at org.testng.internal.invokers.MethodRunner.runInSequence(MethodRunner.java:50)
	at org.testng.internal.invokers.TestInvoker$MethodInvocationAgent.invoke(TestInvoker.java:945)
	at org.testng.internal.invokers.TestInvoker.invokeTestMethods(TestInvoker.java:193)
	at org.testng.internal.invokers.TestMethodWorker.invokeTestMethods(TestMethodWorker.java:146)
	at org.testng.internal.invokers.TestMethodWorker.run(TestMethodWorker.java:128)
	at java.util.ArrayList.forEach(ArrayList.java:1259)
	at org.testng.TestRunner.privateRun(TestRunner.java:808)
	at org.testng.TestRunner.run(TestRunner.java:603)
	at org.testng.SuiteRunner.runTest(SuiteRunner.java:429)
	at org.testng.SuiteRunner.runSequentially(SuiteRunner.java:423)
	at org.testng.SuiteRunner.privateRun(SuiteRunner.java:383)
	at org.testng.SuiteRunner.run(SuiteRunner.java:326)
	at org.testng.SuiteRunnerWorker.runSuite(SuiteRunnerWorker.java:52)
	at org.testng.SuiteRunnerWorker.run(SuiteRunnerWorker.java:95)
	at org.testng.TestNG.runSuitesSequentially(TestNG.java:1249)
	at org.testng.TestNG.runSuitesLocally(TestNG.java:1169)
	at org.testng.TestNG.runSuites(TestNG.java:1092)
	at org.testng.TestNG.run(TestNG.java:1060)
	at com.intellij.rt.testng.IDEARemoteTestNG.run(IDEARemoteTestNG.java:66)
	at com.intellij.rt.testng.RemoteTestNGStarter.main(RemoteTestNGStarter.java:109)</td>
																</tr>
														</tbody>
													</table>
													<ul class='collapsible node-list' data-collapsible='accordion'>
													</ul>
												</div>
											</div>
										</li>
										<li class='collection-item test displayed active fail ' extentid='e10e742c-3b49-4d31-a326-a60e77c5e456'>
											<div class='test-head'>
												<span class='test-name'>SigningUpForJobAlerts </span>
												<span class='test-status label right outline capitalize fail'>fail</span>
												<span class='category-assigned hide  testsigningupforjobalerts'></span>
											</div>
											<div class='test-body'>
												<div class='test-info'>
													<span title='Test started time' alt='Test started time' class='test-started-time label green lighten-1 text-white'>2022-02-19 12:08:06</span>
													<span title='Test ended time' alt='Test ended time' class='test-ended-time label red lighten-1 text-white'>2022-02-19 12:08:08</span>
													<span title='Time taken to finish' alt='Time taken to finish' class='test-time-taken label blue-grey lighten-3 text-white'>0h 0m 2s+482ms</span>
												</div>
												<div class='test-desc'></div>
												<div class='test-attributes'>
														<div class='categories'>
																<span class='category text-white'>TestSigningUpForJobAlerts</span>
														</div>
												</div>
												<div class='test-steps'>
													<table class='bordered table-results'>
														<thead>
															<tr>
																<th>Status</th>
																<th>Timestamp</th>
																<th>Details</th>
															</tr>
														</thead>
														<tbody>
																<tr>
																	<td class='status fail' title='fail' alt='fail'><i class='mdi-navigation-cancel'></i></td>
																	<td class='timestamp'>12:08:08</td>
																	<td class='step-details'>org.openqa.selenium.InvalidSelectorException: invalid selector: An invalid or illegal selector was specified
  (Session info: chrome=98.0.4758.102)
For documentation on this error, please visit: https://selenium.dev/exceptions/#invalid_selector_exception
Build info: version: '4.1.1', revision: 'e8fcc2cecf'
System info: host: 'DESKTOP-DI8SEQA', ip: '10.0.0.203', os.name: 'Windows 10', os.arch: 'amd64', os.version: '10.0', java.version: '1.8.0_301'
Driver info: org.openqa.selenium.chrome.ChromeDriver
Command: [923b0d6e08dd49986cbf94b6b2ea171f, findElement {using=css selector, value=//input[@id='form-field-f7be0e636d']}]
Capabilities {acceptInsecureCerts: false, browserName: chrome, browserVersion: 98.0.4758.102, chrome: {chromedriverVersion: 97.0.4692.71 (adefa7837d02a..., userDataDir: C:\Users\Julian\AppData\Loc...}, goog:chromeOptions: {debuggerAddress: localhost:49723}, javascriptEnabled: true, networkConnectionEnabled: false, pageLoadStrategy: normal, platform: WINDOWS, platformName: WINDOWS, proxy: Proxy(), se:cdp: ws://localhost:49723/devtoo..., se:cdpVersion: 98.0.4758.102, setWindowRect: true, strictFileInteractability: false, timeouts: {implicit: 0, pageLoad: 300000, script: 30000}, unhandledPromptBehavior: dismiss and notify, webauthn:extension:credBlob: true, webauthn:extension:largeBlob: true, webauthn:virtualAuthenticators: true}
Session ID: 923b0d6e08dd49986cbf94b6b2ea171f
	at sun.reflect.NativeConstructorAccessorImpl.newInstance0(Native Method)
	at sun.reflect.NativeConstructorAccessorImpl.newInstance(NativeConstructorAccessorImpl.java:62)
	at sun.reflect.DelegatingConstructorAccessorImpl.newInstance(DelegatingConstructorAccessorImpl.java:45)
	at java.lang.reflect.Constructor.newInstance(Constructor.java:423)
	at org.openqa.selenium.remote.codec.w3c.W3CHttpResponseCodec.createException(W3CHttpResponseCodec.java:200)
	at org.openqa.selenium.remote.codec.w3c.W3CHttpResponseCodec.decode(W3CHttpResponseCodec.java:133)
	at org.openqa.selenium.remote.codec.w3c.W3CHttpResponseCodec.decode(W3CHttpResponseCodec.java:53)
	at org.openqa.selenium.remote.HttpCommandExecutor.execute(HttpCommandExecutor.java:184)
	at org.openqa.selenium.remote.service.DriverCommandExecutor.invokeExecute(DriverCommandExecutor.java:167)
	at org.openqa.selenium.remote.service.DriverCommandExecutor.execute(DriverCommandExecutor.java:142)
	at org.openqa.selenium.remote.RemoteWebDriver.execute(RemoteWebDriver.java:543)
	at org.openqa.selenium.remote.ElementLocation$ElementFinder$2.findElement(ElementLocation.java:162)
	at org.openqa.selenium.remote.ElementLocation.findElement(ElementLocation.java:60)
	at org.openqa.selenium.remote.RemoteWebDriver.findElement(RemoteWebDriver.java:367)
	at org.openqa.selenium.remote.RemoteWebDriver.findElement(RemoteWebDriver.java:359)
	at org.openqa.selenium.support.pagefactory.DefaultElementLocator.findElement(DefaultElementLocator.java:70)
	at org.openqa.selenium.support.pagefactory.internal.LocatingElementHandler.invoke(LocatingElementHandler.java:39)
	at com.sun.proxy.$Proxy17.sendKeys(Unknown Source)
	at base.CommonAPI.type(CommonAPI.java:184)
	at us.piit.CareerPage.lastNameField(CareerPage.java:36)
	at us.piit.career.TestSigningUpForJobAlerts.SigningUpForJobAlerts(TestSigningUpForJobAlerts.java:25)
	at sun.reflect.NativeMethodAccessorImpl.invoke0(Native Method)
	at sun.reflect.NativeMethodAccessorImpl.invoke(NativeMethodAccessorImpl.java:62)
	at sun.reflect.DelegatingMethodAccessorImpl.invoke(DelegatingMethodAccessorImpl.java:43)
	at java.lang.reflect.Method.invoke(Method.java:498)
	at org.testng.internal.invokers.MethodInvocationHelper.invokeMethod(MethodInvocationHelper.java:135)
	at org.testng.internal.invokers.TestInvoker.invokeMethod(TestInvoker.java:673)
	at org.testng.internal.invokers.TestInvoker.invokeTestMethod(TestInvoker.java:220)
	at org.testng.internal.invokers.MethodRunner.runInSequence(MethodRunner.java:50)
	at org.testng.internal.invokers.TestInvoker$MethodInvocationAgent.invoke(TestInvoker.java:945)
	at org.testng.internal.invokers.TestInvoker.invokeTestMethods(TestInvoker.java:193)
	at org.testng.internal.invokers.TestMethodWorker.invokeTestMethods(TestMethodWorker.java:146)
	at org.testng.internal.invokers.TestMethodWorker.run(TestMethodWorker.java:128)
	at java.util.ArrayList.forEach(ArrayList.java:1259)
	at org.testng.TestRunner.privateRun(TestRunner.java:808)
	at org.testng.TestRunner.run(TestRunner.java:603)
	at org.testng.SuiteRunner.runTest(SuiteRunner.java:429)
	at org.testng.SuiteRunner.runSequentially(SuiteRunner.java:423)
	at org.testng.SuiteRunner.privateRun(SuiteRunner.java:383)
	at org.testng.SuiteRunner.run(SuiteRunner.java:326)
	at org.testng.SuiteRunnerWorker.runSuite(SuiteRunnerWorker.java:52)
	at org.testng.SuiteRunnerWorker.run(SuiteRunnerWorker.java:95)
	at org.testng.TestNG.runSuitesSequentially(TestNG.java:1249)
	at org.testng.TestNG.runSuitesLocally(TestNG.java:1169)
	at org.testng.TestNG.runSuites(TestNG.java:1092)
	at org.testng.TestNG.run(TestNG.java:1060)
	at com.intellij.rt.testng.IDEARemoteTestNG.run(IDEARemoteTestNG.java:66)
	at com.intellij.rt.testng.RemoteTestNGStarter.main(RemoteTestNGStarter.java:109)</td>
																</tr>
														</tbody>
													</table>
													<ul class='collapsible node-list' data-collapsible='accordion'>
													</ul>
												</div>
											</div>
										</li>
										<li class='collection-item test displayed active pass ' extentid='281f9c9f-3f1b-4830-a3e0-adfbcb383794'>
											<div class='test-head'>
												<span class='test-name'>MedicinesInShopProduct </span>
												<span class='test-status label right outline capitalize pass'>pass</span>
												<span class='category-assigned hide  testmedicinesinshopproducts'></span>
											</div>
											<div class='test-body'>
												<div class='test-info'>
													<span title='Test started time' alt='Test started time' class='test-started-time label green lighten-1 text-white'>2022-02-19 12:08:15</span>
													<span title='Test ended time' alt='Test ended time' class='test-ended-time label red lighten-1 text-white'>2022-02-19 12:08:22</span>
													<span title='Time taken to finish' alt='Time taken to finish' class='test-time-taken label blue-grey lighten-3 text-white'>0h 0m 6s+751ms</span>
												</div>
												<div class='test-desc'></div>
												<div class='test-attributes'>
														<div class='categories'>
																<span class='category text-white'>TestMedicinesInShopProducts</span>
														</div>
												</div>
												<div class='test-steps'>
													<table class='bordered table-results'>
														<thead>
															<tr>
																<th>Status</th>
																<th>Timestamp</th>
																<th>Details</th>
															</tr>
														</thead>
														<tbody>
																<tr>
																	<td class='status pass' title='pass' alt='pass'><i class='mdi-action-check-circle'></i></td>
																	<td class='timestamp'>12:08:22</td>
																	<td class='step-details'>Test Passed</td>
																</tr>
														</tbody>
													</table>
													<ul class='collapsible node-list' data-collapsible='accordion'>
													</ul>
												</div>
											</div>
										</li>
										<li class='collection-item test displayed active pass ' extentid='2a70d209-bf33-4d64-851c-554188009631'>
											<div class='test-head'>
												<span class='test-name'>PersonalCare </span>
												<span class='test-status label right outline capitalize pass'>pass</span>
												<span class='category-assigned hide  testvitaminesinshopproduct'></span>
											</div>
											<div class='test-body'>
												<div class='test-info'>
													<span title='Test started time' alt='Test started time' class='test-started-time label green lighten-1 text-white'>2022-02-19 12:08:31</span>
													<span title='Test ended time' alt='Test ended time' class='test-ended-time label red lighten-1 text-white'>2022-02-19 12:08:38</span>
													<span title='Time taken to finish' alt='Time taken to finish' class='test-time-taken label blue-grey lighten-3 text-white'>0h 0m 6s+356ms</span>
												</div>
												<div class='test-desc'></div>
												<div class='test-attributes'>
														<div class='categories'>
																<span class='category text-white'>TestVitaminesInShopProduct</span>
														</div>
												</div>
												<div class='test-steps'>
													<table class='bordered table-results'>
														<thead>
															<tr>
																<th>Status</th>
																<th>Timestamp</th>
																<th>Details</th>
															</tr>
														</thead>
														<tbody>
																<tr>
																	<td class='status pass' title='pass' alt='pass'><i class='mdi-action-check-circle'></i></td>
																	<td class='timestamp'>12:08:38</td>
																	<td class='step-details'>Test Passed</td>
																</tr>
														</tbody>
													</table>
													<ul class='collapsible node-list' data-collapsible='accordion'>
													</ul>
												</div>
											</div>
										</li>
										<li class='collection-item test displayed active pass ' extentid='9b85f760-c008-4e50-ba61-6b74f1cc717d'>
											<div class='test-head'>
												<span class='test-name'>HomeHealthCare </span>
												<span class='test-status label right outline capitalize pass'>pass</span>
												<span class='category-assigned hide  testhomehealthcareinshopproducts'></span>
											</div>
											<div class='test-body'>
												<div class='test-info'>
													<span title='Test started time' alt='Test started time' class='test-started-time label green lighten-1 text-white'>2022-02-19 12:08:46</span>
													<span title='Test ended time' alt='Test ended time' class='test-ended-time label red lighten-1 text-white'>2022-02-19 12:08:53</span>
													<span title='Time taken to finish' alt='Time taken to finish' class='test-time-taken label blue-grey lighten-3 text-white'>0h 0m 6s+554ms</span>
												</div>
												<div class='test-desc'></div>
												<div class='test-attributes'>
														<div class='categories'>
																<span class='category text-white'>TestHomeHealthCareInShopProducts</span>
														</div>
												</div>
												<div class='test-steps'>
													<table class='bordered table-results'>
														<thead>
															<tr>
																<th>Status</th>
																<th>Timestamp</th>
																<th>Details</th>
															</tr>
														</thead>
														<tbody>
																<tr>
																	<td class='status pass' title='pass' alt='pass'><i class='mdi-action-check-circle'></i></td>
																	<td class='timestamp'>12:08:53</td>
																	<td class='step-details'>Test Passed</td>
																</tr>
														</tbody>
													</table>
													<ul class='collapsible node-list' data-collapsible='accordion'>
													</ul>
												</div>
											</div>
										</li>
										<li class='collection-item test displayed active pass ' extentid='ab6127f3-644b-4270-a6a8-56040d757a86'>
											<div class='test-head'>
												<span class='test-name'>HomeGoods </span>
												<span class='test-status label right outline capitalize pass'>pass</span>
												<span class='category-assigned hide  testhomegoodsinshopproducts'></span>
											</div>
											<div class='test-body'>
												<div class='test-info'>
													<span title='Test started time' alt='Test started time' class='test-started-time label green lighten-1 text-white'>2022-02-19 12:09:02</span>
													<span title='Test ended time' alt='Test ended time' class='test-ended-time label red lighten-1 text-white'>2022-02-19 12:09:08</span>
													<span title='Time taken to finish' alt='Time taken to finish' class='test-time-taken label blue-grey lighten-3 text-white'>0h 0m 6s+124ms</span>
												</div>
												<div class='test-desc'></div>
												<div class='test-attributes'>
														<div class='categories'>
																<span class='category text-white'>TestHomeGoodsInShopProducts</span>
														</div>
												</div>
												<div class='test-steps'>
													<table class='bordered table-results'>
														<thead>
															<tr>
																<th>Status</th>
																<th>Timestamp</th>
																<th>Details</th>
															</tr>
														</thead>
														<tbody>
																<tr>
																	<td class='status pass' title='pass' alt='pass'><i class='mdi-action-check-circle'></i></td>
																	<td class='timestamp'>12:09:08</td>
																	<td class='step-details'>Test Passed</td>
																</tr>
														</tbody>
													</table>
													<ul class='collapsible node-list' data-collapsible='accordion'>
													</ul>
												</div>
											</div>
										</li>
								</ul>
							</div>
						</div>
					</div>
				</div>
				<div id='test-details-wrapper' class='col _addedCell2'>
					<div class='contents'>
						<div class='card-panel details-view'>
							<h5 class='details-name'></h5>
							<div class='step-filters right'>
								<span class='btn-floating btn-small waves-effect waves-light blue' status='info' alt='info' title='info'><i class='mdi-action-info-outline'></i></span>
								<span class='btn-floating btn-small waves-effect waves-light green' status='pass' alt='pass' title='pass'><i class='mdi-action-check-circle'></i></span>
								<span class='btn-floating btn-small waves-effect waves-light red' status='fail' alt='fail' title='fail'><i class='mdi-navigation-cancel'></i></span>
								<span class='btn-floating btn-small waves-effect waves-light red darken-4' status='fatal' alt='fatal' title='fatal'><i class='mdi-navigation-cancel'></i></span>
								<span class='btn-floating btn-small waves-effect waves-light red lighten-2' status='error' alt='error' title='error'><i class='mdi-alert-error'></i></span>
								<span class='btn-floating btn-small waves-effect waves-light orange' alt='warning' status='warning' title='warning'><i class='mdi-alert-warning'></i></span>
								<span class='btn-floating btn-small waves-effect waves-light cyan' status='skip' alt='skip' title='skip'><i class='mdi-content-redo'></i></span>
								<span class='btn-floating btn-small waves-effect waves-light grey darken-2' status='clear-step-filter' alt='Clear filters' title='Clear filters'><i class='mdi-content-clear'></i></span>
							</div>
							<div class='details-container'>
							</div>
						</div>
					</div>
				</div>
			</div>
			<!-- /tests -->
			
			<!-- categories -->
				<div id='categories-view' class='row _addedTable hide'>
					<div class='col _addedCell1'>
						<div class='contents'>
							<div class='card-panel heading'>
								<h5>Categories</h5>
							</div>
							<div class='card-panel filters'>
								<div class='search' alt='Search tests' title='Search tests'>
									<div class='input-field left'>
										<input id='searchTests' type='text' class='validate' placeholder='Search...'>
									</div>
									<a href="#" class='btn-floating btn-small waves-effect waves-light blue lighten-1'>
										<i class='mdi-action-search'></i>
									</a>
								</div>
							</div>
							<div class='card-panel no-padding-h no-padding-v'>
								<div class='wrapper'>
									<ul id='cat-collection' class='cat-collection'>
											<li class='category-item displayed'>
												<div class='cat-head'>
													<span class='category-name'>TestAddingProductToCart</span>
												</div>
												<div class='category-status-counts'>
														<span class='pass label dot'>Pass: 1</span>
												</div>
												<div class='cat-body'>
													<div class='category-status-counts'>
														<div class='button-group'>
															<a href='#!' class='pass label filter'>Pass <span class='icon'>1</span></a>
															<a href='#!' class='fail label filter'>Fail <span class='icon'>0</span></a>
															<a href='#!' class='other label filter'>Others <span class='icon'>0</span></a>
														</div>
													</div>
													<div class='cat-tests'>
														<table class='bordered'>
															<thead>
																<tr>
																	<th>RunDate</th>
																	<th>Test Name</th>
																	<th>Status</th>
																</tr>
															</thead>
															<tbody>
																	<tr class='pass'>
																		<td>2022-02-19 12:05:15</td>
																		<td><span class='category-link linked' extentid='44edbf6e-8454-4f6e-b245-bb8de626be00'>AddProductToCart</span></td>
																		<td><div class='status label capitalize pass'>pass</div></td>
																	</tr>
															<tbody>
														</table>
													</div>
												</div> 
											</li>
											<li class='category-item displayed'>
												<div class='cat-head'>
													<span class='category-name'>TestAddingWrongPaymentMethod</span>
												</div>
												<div class='category-status-counts'>
														<span class='fail label dot'>Fail: 1</span>
												</div>
												<div class='cat-body'>
													<div class='category-status-counts'>
														<div class='button-group'>
															<a href='#!' class='pass label filter'>Pass <span class='icon'>0</span></a>
															<a href='#!' class='fail label filter'>Fail <span class='icon'>1</span></a>
															<a href='#!' class='other label filter'>Others <span class='icon'>0</span></a>
														</div>
													</div>
													<div class='cat-tests'>
														<table class='bordered'>
															<thead>
																<tr>
																	<th>RunDate</th>
																	<th>Test Name</th>
																	<th>Status</th>
																</tr>
															</thead>
															<tbody>
																	<tr class='fail'>
																		<td>2022-02-19 12:07:07</td>
																		<td><span class='category-link linked' extentid='561d1f59-201e-4fe9-b139-3ed5c9df92f9'>AddingPaymentMethod</span></td>
																		<td><div class='status label capitalize fail'>fail</div></td>
																	</tr>
															<tbody>
														</table>
													</div>
												</div> 
											</li>
											<li class='category-item displayed'>
												<div class='cat-head'>
													<span class='category-name'>TestBeautySuppliesInShopProducts</span>
												</div>
												<div class='category-status-counts'>
														<span class='fail label dot'>Fail: 1</span>
												</div>
												<div class='cat-body'>
													<div class='category-status-counts'>
														<div class='button-group'>
															<a href='#!' class='pass label filter'>Pass <span class='icon'>0</span></a>
															<a href='#!' class='fail label filter'>Fail <span class='icon'>1</span></a>
															<a href='#!' class='other label filter'>Others <span class='icon'>0</span></a>
														</div>
													</div>
													<div class='cat-tests'>
														<table class='bordered'>
															<thead>
																<tr>
																	<th>RunDate</th>
																	<th>Test Name</th>
																	<th>Status</th>
																</tr>
															</thead>
															<tbody>
																	<tr class='fail'>
																		<td>2022-02-19 12:07:56</td>
																		<td><span class='category-link linked' extentid='e44b1a14-3500-4077-9598-28f4e619871a'>BeautySuppliesInShopProducts</span></td>
																		<td><div class='status label capitalize fail'>fail</div></td>
																	</tr>
															<tbody>
														</table>
													</div>
												</div> 
											</li>
											<li class='category-item displayed'>
												<div class='cat-head'>
													<span class='category-name'>TestCouponsOptions</span>
												</div>
												<div class='category-status-counts'>
														<span class='pass label dot'>Pass: 1</span>
												</div>
												<div class='cat-body'>
													<div class='category-status-counts'>
														<div class='button-group'>
															<a href='#!' class='pass label filter'>Pass <span class='icon'>1</span></a>
															<a href='#!' class='fail label filter'>Fail <span class='icon'>0</span></a>
															<a href='#!' class='other label filter'>Others <span class='icon'>0</span></a>
														</div>
													</div>
													<div class='cat-tests'>
														<table class='bordered'>
															<thead>
																<tr>
																	<th>RunDate</th>
																	<th>Test Name</th>
																	<th>Status</th>
																</tr>
															</thead>
															<tbody>
																	<tr class='pass'>
																		<td>2022-02-19 12:06:34</td>
																		<td><span class='category-link linked' extentid='e2b095f2-d4a6-4aa5-a000-b72002faa187'>CouponsOptionsvailability</span></td>
																		<td><div class='status label capitalize pass'>pass</div></td>
																	</tr>
															<tbody>
														</table>
													</div>
												</div> 
											</li>
											<li class='category-item displayed'>
												<div class='cat-head'>
													<span class='category-name'>TestCreateAccount</span>
												</div>
												<div class='category-status-counts'>
														<span class='fail label dot'>Fail: 1</span>
												</div>
												<div class='cat-body'>
													<div class='category-status-counts'>
														<div class='button-group'>
															<a href='#!' class='pass label filter'>Pass <span class='icon'>0</span></a>
															<a href='#!' class='fail label filter'>Fail <span class='icon'>1</span></a>
															<a href='#!' class='other label filter'>Others <span class='icon'>0</span></a>
														</div>
													</div>
													<div class='cat-tests'>
														<table class='bordered'>
															<thead>
																<tr>
																	<th>RunDate</th>
																	<th>Test Name</th>
																	<th>Status</th>
																</tr>
															</thead>
															<tbody>
																	<tr class='fail'>
																		<td>2022-02-19 12:03:31</td>
																		<td><span class='category-link linked' extentid='6e72fd6a-15bb-4669-a9cc-b6457afc58c6'>createAnAccount</span></td>
																		<td><div class='status label capitalize fail'>fail</div></td>
																	</tr>
															<tbody>
														</table>
													</div>
												</div> 
											</li>
											<li class='category-item displayed'>
												<div class='cat-head'>
													<span class='category-name'>TestHealthServices</span>
												</div>
												<div class='category-status-counts'>
														<span class='pass label dot'>Pass: 1</span>
												</div>
												<div class='cat-body'>
													<div class='category-status-counts'>
														<div class='button-group'>
															<a href='#!' class='pass label filter'>Pass <span class='icon'>1</span></a>
															<a href='#!' class='fail label filter'>Fail <span class='icon'>0</span></a>
															<a href='#!' class='other label filter'>Others <span class='icon'>0</span></a>
														</div>
													</div>
													<div class='cat-tests'>
														<table class='bordered'>
															<thead>
																<tr>
																	<th>RunDate</th>
																	<th>Test Name</th>
																	<th>Status</th>
																</tr>
															</thead>
															<tbody>
																	<tr class='pass'>
																		<td>2022-02-19 12:07:27</td>
																		<td><span class='category-link linked' extentid='70b77e60-46a7-4ac1-a657-067fd5b0f6b5'>HealthServices</span></td>
																		<td><div class='status label capitalize pass'>pass</div></td>
																	</tr>
															<tbody>
														</table>
													</div>
												</div> 
											</li>
											<li class='category-item displayed'>
												<div class='cat-head'>
													<span class='category-name'>TestHomeGoodsInShopProducts</span>
												</div>
												<div class='category-status-counts'>
														<span class='pass label dot'>Pass: 1</span>
												</div>
												<div class='cat-body'>
													<div class='category-status-counts'>
														<div class='button-group'>
															<a href='#!' class='pass label filter'>Pass <span class='icon'>1</span></a>
															<a href='#!' class='fail label filter'>Fail <span class='icon'>0</span></a>
															<a href='#!' class='other label filter'>Others <span class='icon'>0</span></a>
														</div>
													</div>
													<div class='cat-tests'>
														<table class='bordered'>
															<thead>
																<tr>
																	<th>RunDate</th>
																	<th>Test Name</th>
																	<th>Status</th>
																</tr>
															</thead>
															<tbody>
																	<tr class='pass'>
																		<td>2022-02-19 12:09:02</td>
																		<td><span class='category-link linked' extentid='ab6127f3-644b-4270-a6a8-56040d757a86'>HomeGoods</span></td>
																		<td><div class='status label capitalize pass'>pass</div></td>
																	</tr>
															<tbody>
														</table>
													</div>
												</div> 
											</li>
											<li class='category-item displayed'>
												<div class='cat-head'>
													<span class='category-name'>TestHomeHealthCareInShopProducts</span>
												</div>
												<div class='category-status-counts'>
														<span class='pass label dot'>Pass: 1</span>
												</div>
												<div class='cat-body'>
													<div class='category-status-counts'>
														<div class='button-group'>
															<a href='#!' class='pass label filter'>Pass <span class='icon'>1</span></a>
															<a href='#!' class='fail label filter'>Fail <span class='icon'>0</span></a>
															<a href='#!' class='other label filter'>Others <span class='icon'>0</span></a>
														</div>
													</div>
													<div class='cat-tests'>
														<table class='bordered'>
															<thead>
																<tr>
																	<th>RunDate</th>
																	<th>Test Name</th>
																	<th>Status</th>
																</tr>
															</thead>
															<tbody>
																	<tr class='pass'>
																		<td>2022-02-19 12:08:46</td>
																		<td><span class='category-link linked' extentid='9b85f760-c008-4e50-ba61-6b74f1cc717d'>HomeHealthCare</span></td>
																		<td><div class='status label capitalize pass'>pass</div></td>
																	</tr>
															<tbody>
														</table>
													</div>
												</div> 
											</li>
											<li class='category-item displayed'>
												<div class='cat-head'>
													<span class='category-name'>TestLogOut</span>
												</div>
												<div class='category-status-counts'>
														<span class='fail label dot'>Fail: 1</span>
												</div>
												<div class='cat-body'>
													<div class='category-status-counts'>
														<div class='button-group'>
															<a href='#!' class='pass label filter'>Pass <span class='icon'>0</span></a>
															<a href='#!' class='fail label filter'>Fail <span class='icon'>1</span></a>
															<a href='#!' class='other label filter'>Others <span class='icon'>0</span></a>
														</div>
													</div>
													<div class='cat-tests'>
														<table class='bordered'>
															<thead>
																<tr>
																	<th>RunDate</th>
																	<th>Test Name</th>
																	<th>Status</th>
																</tr>
															</thead>
															<tbody>
																	<tr class='fail'>
																		<td>2022-02-19 12:04:37</td>
																		<td><span class='category-link linked' extentid='03c5e719-1137-43e4-aab6-809516777eb8'>logOut</span></td>
																		<td><div class='status label capitalize fail'>fail</div></td>
																	</tr>
															<tbody>
														</table>
													</div>
												</div> 
											</li>
											<li class='category-item displayed'>
												<div class='cat-head'>
													<span class='category-name'>TestLoginWithCorrectCredentials</span>
												</div>
												<div class='category-status-counts'>
														<span class='fail label dot'>Fail: 1</span>
												</div>
												<div class='cat-body'>
													<div class='category-status-counts'>
														<div class='button-group'>
															<a href='#!' class='pass label filter'>Pass <span class='icon'>0</span></a>
															<a href='#!' class='fail label filter'>Fail <span class='icon'>1</span></a>
															<a href='#!' class='other label filter'>Others <span class='icon'>0</span></a>
														</div>
													</div>
													<div class='cat-tests'>
														<table class='bordered'>
															<thead>
																<tr>
																	<th>RunDate</th>
																	<th>Test Name</th>
																	<th>Status</th>
																</tr>
															</thead>
															<tbody>
																	<tr class='fail'>
																		<td>2022-02-19 12:04:15</td>
																		<td><span class='category-link linked' extentid='22e13350-3d6f-4b46-b42d-9abc5cd80304'>loginWithCorrectCredentials</span></td>
																		<td><div class='status label capitalize fail'>fail</div></td>
																	</tr>
															<tbody>
														</table>
													</div>
												</div> 
											</li>
											<li class='category-item displayed'>
												<div class='cat-head'>
													<span class='category-name'>TestLoginWithWrongCredentials</span>
												</div>
												<div class='category-status-counts'>
														<span class='pass label dot'>Pass: 1</span>
												</div>
												<div class='cat-body'>
													<div class='category-status-counts'>
														<div class='button-group'>
															<a href='#!' class='pass label filter'>Pass <span class='icon'>1</span></a>
															<a href='#!' class='fail label filter'>Fail <span class='icon'>0</span></a>
															<a href='#!' class='other label filter'>Others <span class='icon'>0</span></a>
														</div>
													</div>
													<div class='cat-tests'>
														<table class='bordered'>
															<thead>
																<tr>
																	<th>RunDate</th>
																	<th>Test Name</th>
																	<th>Status</th>
																</tr>
															</thead>
															<tbody>
																	<tr class='pass'>
																		<td>2022-02-19 12:03:57</td>
																		<td><span class='category-link linked' extentid='54fe6515-2d36-4d63-a1b6-334296a10e75'>loginWithWrongCredentials</span></td>
																		<td><div class='status label capitalize pass'>pass</div></td>
																	</tr>
															<tbody>
														</table>
													</div>
												</div> 
											</li>
											<li class='category-item displayed'>
												<div class='cat-head'>
													<span class='category-name'>TestMedicinesInShopProducts</span>
												</div>
												<div class='category-status-counts'>
														<span class='pass label dot'>Pass: 1</span>
												</div>
												<div class='cat-body'>
													<div class='category-status-counts'>
														<div class='button-group'>
															<a href='#!' class='pass label filter'>Pass <span class='icon'>1</span></a>
															<a href='#!' class='fail label filter'>Fail <span class='icon'>0</span></a>
															<a href='#!' class='other label filter'>Others <span class='icon'>0</span></a>
														</div>
													</div>
													<div class='cat-tests'>
														<table class='bordered'>
															<thead>
																<tr>
																	<th>RunDate</th>
																	<th>Test Name</th>
																	<th>Status</th>
																</tr>
															</thead>
															<tbody>
																	<tr class='pass'>
																		<td>2022-02-19 12:08:15</td>
																		<td><span class='category-link linked' extentid='281f9c9f-3f1b-4830-a3e0-adfbcb383794'>MedicinesInShopProduct</span></td>
																		<td><div class='status label capitalize pass'>pass</div></td>
																	</tr>
															<tbody>
														</table>
													</div>
												</div> 
											</li>
											<li class='category-item displayed'>
												<div class='cat-head'>
													<span class='category-name'>TestPetSuppliesInShopProducts</span>
												</div>
												<div class='category-status-counts'>
														<span class='pass label dot'>Pass: 1</span>
												</div>
												<div class='cat-body'>
													<div class='category-status-counts'>
														<div class='button-group'>
															<a href='#!' class='pass label filter'>Pass <span class='icon'>1</span></a>
															<a href='#!' class='fail label filter'>Fail <span class='icon'>0</span></a>
															<a href='#!' class='other label filter'>Others <span class='icon'>0</span></a>
														</div>
													</div>
													<div class='cat-tests'>
														<table class='bordered'>
															<thead>
																<tr>
																	<th>RunDate</th>
																	<th>Test Name</th>
																	<th>Status</th>
																</tr>
															</thead>
															<tbody>
																	<tr class='pass'>
																		<td>2022-02-19 12:07:43</td>
																		<td><span class='category-link linked' extentid='3f943472-ffa2-4f6d-aac1-065dcbe9d548'>PetSuppliesInShopProducts</span></td>
																		<td><div class='status label capitalize pass'>pass</div></td>
																	</tr>
															<tbody>
														</table>
													</div>
												</div> 
											</li>
											<li class='category-item displayed'>
												<div class='cat-head'>
													<span class='category-name'>TestPharmacyChat</span>
												</div>
												<div class='category-status-counts'>
														<span class='pass label dot'>Pass: 1</span>
												</div>
												<div class='cat-body'>
													<div class='category-status-counts'>
														<div class='button-group'>
															<a href='#!' class='pass label filter'>Pass <span class='icon'>1</span></a>
															<a href='#!' class='fail label filter'>Fail <span class='icon'>0</span></a>
															<a href='#!' class='other label filter'>Others <span class='icon'>0</span></a>
														</div>
													</div>
													<div class='cat-tests'>
														<table class='bordered'>
															<thead>
																<tr>
																	<th>RunDate</th>
																	<th>Test Name</th>
																	<th>Status</th>
																</tr>
															</thead>
															<tbody>
																	<tr class='pass'>
																		<td>2022-02-19 12:06:56</td>
																		<td><span class='category-link linked' extentid='0069e0f9-adca-40ee-ab05-ec4f7e2dadd1'>PharmacyChat</span></td>
																		<td><div class='status label capitalize pass'>pass</div></td>
																	</tr>
															<tbody>
														</table>
													</div>
												</div> 
											</li>
											<li class='category-item displayed'>
												<div class='cat-head'>
													<span class='category-name'>TestRemoveProductFromCart</span>
												</div>
												<div class='category-status-counts'>
														<span class='pass label dot'>Pass: 1</span>
												</div>
												<div class='cat-body'>
													<div class='category-status-counts'>
														<div class='button-group'>
															<a href='#!' class='pass label filter'>Pass <span class='icon'>1</span></a>
															<a href='#!' class='fail label filter'>Fail <span class='icon'>0</span></a>
															<a href='#!' class='other label filter'>Others <span class='icon'>0</span></a>
														</div>
													</div>
													<div class='cat-tests'>
														<table class='bordered'>
															<thead>
																<tr>
																	<th>RunDate</th>
																	<th>Test Name</th>
																	<th>Status</th>
																</tr>
															</thead>
															<tbody>
																	<tr class='pass'>
																		<td>2022-02-19 12:05:36</td>
																		<td><span class='category-link linked' extentid='cc710d9c-5886-4307-8416-349bf81ee4b6'>RemoveProductFromCart</span></td>
																		<td><div class='status label capitalize pass'>pass</div></td>
																	</tr>
															<tbody>
														</table>
													</div>
												</div> 
											</li>
											<li class='category-item displayed'>
												<div class='cat-head'>
													<span class='category-name'>TestSeachTopSellerItem</span>
												</div>
												<div class='category-status-counts'>
														<span class='pass label dot'>Pass: 1</span>
												</div>
												<div class='cat-body'>
													<div class='category-status-counts'>
														<div class='button-group'>
															<a href='#!' class='pass label filter'>Pass <span class='icon'>1</span></a>
															<a href='#!' class='fail label filter'>Fail <span class='icon'>0</span></a>
															<a href='#!' class='other label filter'>Others <span class='icon'>0</span></a>
														</div>
													</div>
													<div class='cat-tests'>
														<table class='bordered'>
															<thead>
																<tr>
																	<th>RunDate</th>
																	<th>Test Name</th>
																	<th>Status</th>
																</tr>
															</thead>
															<tbody>
																	<tr class='pass'>
																		<td>2022-02-19 12:04:59</td>
																		<td><span class='category-link linked' extentid='72b4bbea-ae2a-4733-92f8-8bb800adb5b6'>SearchItem</span></td>
																		<td><div class='status label capitalize pass'>pass</div></td>
																	</tr>
															<tbody>
														</table>
													</div>
												</div> 
											</li>
											<li class='category-item displayed'>
												<div class='cat-head'>
													<span class='category-name'>TestSigningUpForJobAlerts</span>
												</div>
												<div class='category-status-counts'>
														<span class='fail label dot'>Fail: 1</span>
												</div>
												<div class='cat-body'>
													<div class='category-status-counts'>
														<div class='button-group'>
															<a href='#!' class='pass label filter'>Pass <span class='icon'>0</span></a>
															<a href='#!' class='fail label filter'>Fail <span class='icon'>1</span></a>
															<a href='#!' class='other label filter'>Others <span class='icon'>0</span></a>
														</div>
													</div>
													<div class='cat-tests'>
														<table class='bordered'>
															<thead>
																<tr>
																	<th>RunDate</th>
																	<th>Test Name</th>
																	<th>Status</th>
																</tr>
															</thead>
															<tbody>
																	<tr class='fail'>
																		<td>2022-02-19 12:08:06</td>
																		<td><span class='category-link linked' extentid='e10e742c-3b49-4d31-a326-a60e77c5e456'>SigningUpForJobAlerts</span></td>
																		<td><div class='status label capitalize fail'>fail</div></td>
																	</tr>
															<tbody>
														</table>
													</div>
												</div> 
											</li>
											<li class='category-item displayed'>
												<div class='cat-head'>
													<span class='category-name'>TestUpdatPersonalInfo</span>
												</div>
												<div class='category-status-counts'>
														<span class='fail label dot'>Fail: 1</span>
												</div>
												<div class='cat-body'>
													<div class='category-status-counts'>
														<div class='button-group'>
															<a href='#!' class='pass label filter'>Pass <span class='icon'>0</span></a>
															<a href='#!' class='fail label filter'>Fail <span class='icon'>1</span></a>
															<a href='#!' class='other label filter'>Others <span class='icon'>0</span></a>
														</div>
													</div>
													<div class='cat-tests'>
														<table class='bordered'>
															<thead>
																<tr>
																	<th>RunDate</th>
																	<th>Test Name</th>
																	<th>Status</th>
																</tr>
															</thead>
															<tbody>
																	<tr class='fail'>
																		<td>2022-02-19 12:06:14</td>
																		<td><span class='category-link linked' extentid='bcc1a260-9807-4526-bc19-c6b5ea72aef8'>UpdatePersonalInformation</span></td>
																		<td><div class='status label capitalize fail'>fail</div></td>
																	</tr>
															<tbody>
														</table>
													</div>
												</div> 
											</li>
											<li class='category-item displayed'>
												<div class='cat-head'>
													<span class='category-name'>TestVaccineScheduling</span>
												</div>
												<div class='category-status-counts'>
														<span class='fail label dot'>Fail: 1</span>
												</div>
												<div class='cat-body'>
													<div class='category-status-counts'>
														<div class='button-group'>
															<a href='#!' class='pass label filter'>Pass <span class='icon'>0</span></a>
															<a href='#!' class='fail label filter'>Fail <span class='icon'>1</span></a>
															<a href='#!' class='other label filter'>Others <span class='icon'>0</span></a>
														</div>
													</div>
													<div class='cat-tests'>
														<table class='bordered'>
															<thead>
																<tr>
																	<th>RunDate</th>
																	<th>Test Name</th>
																	<th>Status</th>
																</tr>
															</thead>
															<tbody>
																	<tr class='fail'>
																		<td>2022-02-19 12:05:59</td>
																		<td><span class='category-link linked' extentid='6043aaa2-6a32-4582-8390-40553c1e38fa'>ScheduleCovidVaccin</span></td>
																		<td><div class='status label capitalize fail'>fail</div></td>
																	</tr>
															<tbody>
														</table>
													</div>
												</div> 
											</li>
											<li class='category-item displayed'>
												<div class='cat-head'>
													<span class='category-name'>TestVitaminesInShopProduct</span>
												</div>
												<div class='category-status-counts'>
														<span class='pass label dot'>Pass: 1</span>
												</div>
												<div class='cat-body'>
													<div class='category-status-counts'>
														<div class='button-group'>
															<a href='#!' class='pass label filter'>Pass <span class='icon'>1</span></a>
															<a href='#!' class='fail label filter'>Fail <span class='icon'>0</span></a>
															<a href='#!' class='other label filter'>Others <span class='icon'>0</span></a>
														</div>
													</div>
													<div class='cat-tests'>
														<table class='bordered'>
															<thead>
																<tr>
																	<th>RunDate</th>
																	<th>Test Name</th>
																	<th>Status</th>
																</tr>
															</thead>
															<tbody>
																	<tr class='pass'>
																		<td>2022-02-19 12:08:31</td>
																		<td><span class='category-link linked' extentid='2a70d209-bf33-4d64-851c-554188009631'>PersonalCare</span></td>
																		<td><div class='status label capitalize pass'>pass</div></td>
																	</tr>
															<tbody>
														</table>
													</div>
												</div> 
											</li>
									</ul>
								</div>
							</div>
						</div>
					</div>
					<div id='cat-details-wrapper' class='col _addedCell2'>
						<div class='contents'>
							<div class='card-panel details-view'>
								<h5 class='cat-name'></h5>
								<div class='cat-container'>
								</div>
							</div>
						</div>
					</div>
				</div>
			<!-- /categories -->
			
			<!-- exceptions -->
			<!-- /exceptions -->
			
			<!-- testrunner logs -->
			<!-- /testrunner logs -->
			
		</div>
		<!-- /container -->
		
		<!-- test dashboard counts setting -->
		<div id='test-count-setting' class='modal bottom-sheet'> 
			<div class='modal-content'> 
				<h5>Configure Tests Count Setting</h5> 
				<input name='test-count-setting' type='radio' id='parentWithoutNodes' class='with-gap'> 
				<label for='parentWithoutNodes'>Parent Tests Only (Does not include child nodes in counts)</label> 
				<br> 
				<input name='test-count-setting' type='radio' id='parentWithoutNodesAndNodes' class='with-gap'> 
				<label for='parentWithoutNodesAndNodes'>Parent Tests Without Child Tests + Child Tests</label> 
				<br> 
				<input name='test-count-setting' type='radio' id='childNodes' class='with-gap'> 
				<label for='childNodes'>Child Tests Only</label> 
			</div> 
			<div class='modal-footer'> 
				<a href='#!' class='modal-action modal-close waves-effect waves-green btn'>Save</a> 
			</div> 
		</div>
		<!-- /test dashboard counts setting -->
		
		<!-- filter for step status -->
		<div id='step-status-filter' class='modal bottom-sheet'> 
			<div class='modal-content'> 
				<h5>Select status</h5> 
				<input checked class='filled-in' type='checkbox' id='step-dashboard-filter-pass'> 
				<label for='step-dashboard-filter-pass'>Pass</label> 
				<br> 
				<input checked class='filled-in' type='checkbox' id='step-dashboard-filter-fail'> 
				<label for='step-dashboard-filter-fail'>Fail</label> 
				<br> 
				<input checked class='filled-in' type='checkbox' id='step-dashboard-filter-fatal'> 
				<label for='step-dashboard-filter-fatal'>Fatal</label> 
				<br> 
				<input checked class='filled-in' type='checkbox' id='step-dashboard-filter-error'> 
				<label for='step-dashboard-filter-error'>Error</label> 
				<br> 
				<input checked class='filled-in' type='checkbox' id='step-dashboard-filter-warning'> 
				<label for='step-dashboard-filter-warning'>Warning</label> 
				<br> 
				<input checked class='filled-in' type='checkbox' id='step-dashboard-filter-skip'> 
				<label for='step-dashboard-filter-skip'>Skipped</label> 
				<br> 
				<input checked class='filled-in' type='checkbox' id='step-dashboard-filter-info'> 
				<label for='step-dashboard-filter-info'>Info</label> 
				<br> 
				<input checked class='filled-in' type='checkbox' id='step-dashboard-filter-unknown'> 
				<label for='step-dashboard-filter-unknown'>Unknown</label> 
			</div>
			<div class='modal-footer'> 
				<a href='#!' class='modal-action modal-close waves-effect waves-green btn'>Save</a> 
			</div> 
		</div>
		<!-- /filter for step status -->
		
		<script src='https://cdn.rawgit.com/anshooarora/extentreports/6032d73243ba4fe4fb8769eb9c315d4fdf16fe68/cdn/extent.js' type='text/javascript'></script>

		<script>$(document).ready(function() { $('.logo span').html('ExtentReports'); });</script>
		<script>
				
            
                $(document).ready(function() {
                    
                });
            
        
		</script>
	</body>
</html>
